                                      1 ;--------------------------------------------------------
                                      2 ; File Created by SDCC : free open source ISO C Compiler 
                                      3 ; Version 4.4.1 #14650 (Mac OS X ppc)
                                      4 ;--------------------------------------------------------
                                      5 	.module main
                                      6 	.optsdcc -msm83
                                      7 	
                                      8 ;--------------------------------------------------------
                                      9 ; Public variables in this module
                                     10 ;--------------------------------------------------------
                                     11 	.globl _main
                                     12 	.globl _set_bkg_tiles
                                     13 	.globl _set_bkg_data
                                     14 	.globl _wait_vbl_done
                                     15 	.globl _backgroundmap
                                     16 	.globl _backgroundtiles
                                     17 ;--------------------------------------------------------
                                     18 ; special function registers
                                     19 ;--------------------------------------------------------
                                     20 ;--------------------------------------------------------
                                     21 ; ram data
                                     22 ;--------------------------------------------------------
                                     23 	.area _DATA
                                     24 ;--------------------------------------------------------
                                     25 ; ram data
                                     26 ;--------------------------------------------------------
                                     27 	.area _INITIALIZED
    00000000                         28 _backgroundtiles::
    00000000                         29 	.ds 128
    00000080                         30 _backgroundmap::
    00000080                         31 	.ds 720
                                     32 ;--------------------------------------------------------
                                     33 ; absolute external ram data
                                     34 ;--------------------------------------------------------
                                     35 	.area _DABS (ABS)
                                     36 ;--------------------------------------------------------
                                     37 ; global & static initialisations
                                     38 ;--------------------------------------------------------
                                     39 	.area _HOME
                                     40 	.area _GSINIT
                                     41 	.area _GSFINAL
                                     42 	.area _GSINIT
                                     43 ;--------------------------------------------------------
                                     44 ; Home
                                     45 ;--------------------------------------------------------
                                     46 	.area _HOME
                                     47 	.area _HOME
                                     48 ;--------------------------------------------------------
                                     49 ; code
                                     50 ;--------------------------------------------------------
                                     51 	.area _CODE
                                     52 ;main.c:5: void main(){
                                     53 ;	---------------------------------
                                     54 ; Function main
                                     55 ; ---------------------------------
    00000000                         56 _main::
                                     57 ;main.c:6: set_bkg_data(0, 7, backgroundtiles);
    00000000 11r00r00         [12]   58 	ld	de, #_backgroundtiles
    00000003 D5               [16]   59 	push	de
    00000004 21 00 07         [12]   60 	ld	hl, #0x700
    00000007 E5               [16]   61 	push	hl
    00000008 CDr00r00         [24]   62 	call	_set_bkg_data
    0000000B E8 04            [16]   63 	add	sp, #4
                                     64 ;main.c:7: set_bkg_tiles(0, 0, 40, 18, backgroundmap);
    0000000D 11r80r00         [12]   65 	ld	de, #_backgroundmap
    00000010 D5               [16]   66 	push	de
    00000011 21 28 12         [12]   67 	ld	hl, #0x1228
    00000014 E5               [16]   68 	push	hl
    00000015 AF               [ 4]   69 	xor	a, a
    00000016 0F               [ 4]   70 	rrca
    00000017 F5               [16]   71 	push	af
    00000018 CDr00r00         [24]   72 	call	_set_bkg_tiles
    0000001B E8 06            [16]   73 	add	sp, #6
                                     74 ;main.c:9: SHOW_BKG;
    0000001D F0r00            [12]   75 	ldh	a, (_LCDC_REG + 0)
    0000001F F6 01            [ 8]   76 	or	a, #0x01
    00000021 E0r00            [12]   77 	ldh	(_LCDC_REG + 0), a
                                     78 ;main.c:10: DISPLAY_ON;
    00000023 F0r00            [12]   79 	ldh	a, (_LCDC_REG + 0)
    00000025 F6 80            [ 8]   80 	or	a, #0x80
    00000027 E0r00            [12]   81 	ldh	(_LCDC_REG + 0), a
                                     82 ;main.c:12: while (1){
    00000029                         83 00102$:
                                     84 ;/Users/rajath/gbdk/include/gb/gb.h:1463: SCX_REG+=x, SCY_REG+=y;
    00000029 F0r00            [12]   85 	ldh	a, (_SCX_REG + 0)
    0000002B 3C               [ 4]   86 	inc	a
    0000002C E0r00            [12]   87 	ldh	(_SCX_REG + 0), a
                                     88 ;main.c:14: wait_vbl_done();
    0000002E CDr00r00         [24]   89 	call	_wait_vbl_done
                                     90 ;main.c:17: }
    00000031 18 F6            [12]   91 	jr	00102$
                                     92 	.area _CODE
                                     93 	.area _INITIALIZER
    00000000                         94 __xinit__backgroundtiles:
    00000000 00                      95 	.db #0x00	; 0
    00000001 00                      96 	.db #0x00	; 0
    00000002 00                      97 	.db #0x00	; 0
    00000003 00                      98 	.db #0x00	; 0
    00000004 00                      99 	.db #0x00	; 0
    00000005 00                     100 	.db #0x00	; 0
    00000006 00                     101 	.db #0x00	; 0
    00000007 00                     102 	.db #0x00	; 0
    00000008 00                     103 	.db #0x00	; 0
    00000009 00                     104 	.db #0x00	; 0
    0000000A 00                     105 	.db #0x00	; 0
    0000000B 00                     106 	.db #0x00	; 0
    0000000C 00                     107 	.db #0x00	; 0
    0000000D 00                     108 	.db #0x00	; 0
    0000000E 00                     109 	.db #0x00	; 0
    0000000F 00                     110 	.db #0x00	; 0
    00000010 FF                     111 	.db #0xff	; 255
    00000011 FF                     112 	.db #0xff	; 255
    00000012 01                     113 	.db #0x01	; 1
    00000013 01                     114 	.db #0x01	; 1
    00000014 01                     115 	.db #0x01	; 1
    00000015 01                     116 	.db #0x01	; 1
    00000016 01                     117 	.db #0x01	; 1
    00000017 01                     118 	.db #0x01	; 1
    00000018 FF                     119 	.db #0xff	; 255
    00000019 FF                     120 	.db #0xff	; 255
    0000001A 10                     121 	.db #0x10	; 16
    0000001B 10                     122 	.db #0x10	; 16
    0000001C 10                     123 	.db #0x10	; 16
    0000001D 10                     124 	.db #0x10	; 16
    0000001E 10                     125 	.db #0x10	; 16
    0000001F 10                     126 	.db #0x10	; 16
    00000020 FF                     127 	.db #0xff	; 255
    00000021 FF                     128 	.db #0xff	; 255
    00000022 01                     129 	.db #0x01	; 1
    00000023 01                     130 	.db #0x01	; 1
    00000024 01                     131 	.db #0x01	; 1
    00000025 01                     132 	.db #0x01	; 1
    00000026 01                     133 	.db #0x01	; 1
    00000027 01                     134 	.db #0x01	; 1
    00000028 FF                     135 	.db #0xff	; 255
    00000029 FF                     136 	.db #0xff	; 255
    0000002A 11                     137 	.db #0x11	; 17
    0000002B 11                     138 	.db #0x11	; 17
    0000002C 11                     139 	.db #0x11	; 17
    0000002D 11                     140 	.db #0x11	; 17
    0000002E 11                     141 	.db #0x11	; 17
    0000002F 11                     142 	.db #0x11	; 17
    00000030 FF                     143 	.db #0xff	; 255
    00000031 FF                     144 	.db #0xff	; 255
    00000032 80                     145 	.db #0x80	; 128
    00000033 80                     146 	.db #0x80	; 128
    00000034 80                     147 	.db #0x80	; 128
    00000035 80                     148 	.db #0x80	; 128
    00000036 80                     149 	.db #0x80	; 128
    00000037 80                     150 	.db #0x80	; 128
    00000038 FF                     151 	.db #0xff	; 255
    00000039 FF                     152 	.db #0xff	; 255
    0000003A 88                     153 	.db #0x88	; 136
    0000003B 88                     154 	.db #0x88	; 136
    0000003C 88                     155 	.db #0x88	; 136
    0000003D 88                     156 	.db #0x88	; 136
    0000003E 88                     157 	.db #0x88	; 136
    0000003F 88                     158 	.db #0x88	; 136
    00000040 55                     159 	.db #0x55	; 85	'U'
    00000041 00                     160 	.db #0x00	; 0
    00000042 AA                     161 	.db #0xaa	; 170
    00000043 00                     162 	.db #0x00	; 0
    00000044 55                     163 	.db #0x55	; 85	'U'
    00000045 00                     164 	.db #0x00	; 0
    00000046 AA                     165 	.db #0xaa	; 170
    00000047 00                     166 	.db #0x00	; 0
    00000048 55                     167 	.db #0x55	; 85	'U'
    00000049 00                     168 	.db #0x00	; 0
    0000004A AA                     169 	.db #0xaa	; 170
    0000004B 00                     170 	.db #0x00	; 0
    0000004C 55                     171 	.db #0x55	; 85	'U'
    0000004D 00                     172 	.db #0x00	; 0
    0000004E AA                     173 	.db #0xaa	; 170
    0000004F 00                     174 	.db #0x00	; 0
    00000050 00                     175 	.db #0x00	; 0
    00000051 00                     176 	.db #0x00	; 0
    00000052 00                     177 	.db #0x00	; 0
    00000053 00                     178 	.db #0x00	; 0
    00000054 00                     179 	.db #0x00	; 0
    00000055 00                     180 	.db #0x00	; 0
    00000056 00                     181 	.db #0x00	; 0
    00000057 00                     182 	.db #0x00	; 0
    00000058 FF                     183 	.db #0xff	; 255
    00000059 FF                     184 	.db #0xff	; 255
    0000005A FF                     185 	.db #0xff	; 255
    0000005B AA                     186 	.db #0xaa	; 170
    0000005C FF                     187 	.db #0xff	; 255
    0000005D 00                     188 	.db #0x00	; 0
    0000005E 55                     189 	.db #0x55	; 85	'U'
    0000005F 00                     190 	.db #0x00	; 0
    00000060 00                     191 	.db #0x00	; 0
    00000061 00                     192 	.db #0x00	; 0
    00000062 00                     193 	.db #0x00	; 0
    00000063 00                     194 	.db #0x00	; 0
    00000064 00                     195 	.db #0x00	; 0
    00000065 00                     196 	.db #0x00	; 0
    00000066 00                     197 	.db #0x00	; 0
    00000067 00                     198 	.db #0x00	; 0
    00000068 00                     199 	.db #0x00	; 0
    00000069 00                     200 	.db #0x00	; 0
    0000006A FF                     201 	.db #0xff	; 255
    0000006B FF                     202 	.db #0xff	; 255
    0000006C 00                     203 	.db #0x00	; 0
    0000006D FF                     204 	.db #0xff	; 255
    0000006E FF                     205 	.db #0xff	; 255
    0000006F 00                     206 	.db #0x00	; 0
    00000070 00                     207 	.db #0x00	; 0
    00000071 00                     208 	.db #0x00	; 0
    00000072 00                     209 	.db #0x00	; 0
    00000073 00                     210 	.db #0x00	; 0
    00000074 00                     211 	.db #0x00	; 0
    00000075 00                     212 	.db #0x00	; 0
    00000076 00                     213 	.db #0x00	; 0
    00000077 00                     214 	.db #0x00	; 0
    00000078 00                     215 	.db #0x00	; 0
    00000079 00                     216 	.db #0x00	; 0
    0000007A FF                     217 	.db #0xff	; 255
    0000007B 00                     218 	.db #0x00	; 0
    0000007C FF                     219 	.db #0xff	; 255
    0000007D 00                     220 	.db #0x00	; 0
    0000007E FF                     221 	.db #0xff	; 255
    0000007F 00                     222 	.db #0x00	; 0
    00000080                        223 __xinit__backgroundmap:
    00000080 00                     224 	.db #0x00	; 0
    00000081 00                     225 	.db #0x00	; 0
    00000082 00                     226 	.db #0x00	; 0
    00000083 00                     227 	.db #0x00	; 0
    00000084 00                     228 	.db #0x00	; 0
    00000085 00                     229 	.db #0x00	; 0
    00000086 00                     230 	.db #0x00	; 0
    00000087 00                     231 	.db #0x00	; 0
    00000088 00                     232 	.db #0x00	; 0
    00000089 00                     233 	.db #0x00	; 0
    0000008A 00                     234 	.db #0x00	; 0
    0000008B 00                     235 	.db #0x00	; 0
    0000008C 00                     236 	.db #0x00	; 0
    0000008D 00                     237 	.db #0x00	; 0
    0000008E 00                     238 	.db #0x00	; 0
    0000008F 00                     239 	.db #0x00	; 0
    00000090 00                     240 	.db #0x00	; 0
    00000091 00                     241 	.db #0x00	; 0
    00000092 00                     242 	.db #0x00	; 0
    00000093 00                     243 	.db #0x00	; 0
    00000094 00                     244 	.db #0x00	; 0
    00000095 00                     245 	.db #0x00	; 0
    00000096 00                     246 	.db #0x00	; 0
    00000097 00                     247 	.db #0x00	; 0
    00000098 00                     248 	.db #0x00	; 0
    00000099 00                     249 	.db #0x00	; 0
    0000009A 00                     250 	.db #0x00	; 0
    0000009B 00                     251 	.db #0x00	; 0
    0000009C 00                     252 	.db #0x00	; 0
    0000009D 00                     253 	.db #0x00	; 0
    0000009E 00                     254 	.db #0x00	; 0
    0000009F 00                     255 	.db #0x00	; 0
    000000A0 00                     256 	.db #0x00	; 0
    000000A1 00                     257 	.db #0x00	; 0
    000000A2 00                     258 	.db #0x00	; 0
    000000A3 00                     259 	.db #0x00	; 0
    000000A4 00                     260 	.db #0x00	; 0
    000000A5 00                     261 	.db #0x00	; 0
    000000A6 00                     262 	.db #0x00	; 0
    000000A7 00                     263 	.db #0x00	; 0
    000000A8 00                     264 	.db #0x00	; 0
    000000A9 00                     265 	.db #0x00	; 0
    000000AA 00                     266 	.db #0x00	; 0
    000000AB 00                     267 	.db #0x00	; 0
    000000AC 00                     268 	.db #0x00	; 0
    000000AD 00                     269 	.db #0x00	; 0
    000000AE 00                     270 	.db #0x00	; 0
    000000AF 00                     271 	.db #0x00	; 0
    000000B0 00                     272 	.db #0x00	; 0
    000000B1 00                     273 	.db #0x00	; 0
    000000B2 00                     274 	.db #0x00	; 0
    000000B3 00                     275 	.db #0x00	; 0
    000000B4 00                     276 	.db #0x00	; 0
    000000B5 00                     277 	.db #0x00	; 0
    000000B6 00                     278 	.db #0x00	; 0
    000000B7 00                     279 	.db #0x00	; 0
    000000B8 00                     280 	.db #0x00	; 0
    000000B9 00                     281 	.db #0x00	; 0
    000000BA 00                     282 	.db #0x00	; 0
    000000BB 00                     283 	.db #0x00	; 0
    000000BC 00                     284 	.db #0x00	; 0
    000000BD 00                     285 	.db #0x00	; 0
    000000BE 00                     286 	.db #0x00	; 0
    000000BF 00                     287 	.db #0x00	; 0
    000000C0 00                     288 	.db #0x00	; 0
    000000C1 00                     289 	.db #0x00	; 0
    000000C2 00                     290 	.db #0x00	; 0
    000000C3 00                     291 	.db #0x00	; 0
    000000C4 00                     292 	.db #0x00	; 0
    000000C5 00                     293 	.db #0x00	; 0
    000000C6 00                     294 	.db #0x00	; 0
    000000C7 00                     295 	.db #0x00	; 0
    000000C8 00                     296 	.db #0x00	; 0
    000000C9 00                     297 	.db #0x00	; 0
    000000CA 00                     298 	.db #0x00	; 0
    000000CB 00                     299 	.db #0x00	; 0
    000000CC 00                     300 	.db #0x00	; 0
    000000CD 00                     301 	.db #0x00	; 0
    000000CE 00                     302 	.db #0x00	; 0
    000000CF 00                     303 	.db #0x00	; 0
    000000D0 00                     304 	.db #0x00	; 0
    000000D1 00                     305 	.db #0x00	; 0
    000000D2 00                     306 	.db #0x00	; 0
    000000D3 00                     307 	.db #0x00	; 0
    000000D4 00                     308 	.db #0x00	; 0
    000000D5 00                     309 	.db #0x00	; 0
    000000D6 00                     310 	.db #0x00	; 0
    000000D7 00                     311 	.db #0x00	; 0
    000000D8 00                     312 	.db #0x00	; 0
    000000D9 00                     313 	.db #0x00	; 0
    000000DA 00                     314 	.db #0x00	; 0
    000000DB 00                     315 	.db #0x00	; 0
    000000DC 00                     316 	.db #0x00	; 0
    000000DD 00                     317 	.db #0x00	; 0
    000000DE 00                     318 	.db #0x00	; 0
    000000DF 00                     319 	.db #0x00	; 0
    000000E0 00                     320 	.db #0x00	; 0
    000000E1 00                     321 	.db #0x00	; 0
    000000E2 00                     322 	.db #0x00	; 0
    000000E3 00                     323 	.db #0x00	; 0
    000000E4 00                     324 	.db #0x00	; 0
    000000E5 00                     325 	.db #0x00	; 0
    000000E6 00                     326 	.db #0x00	; 0
    000000E7 00                     327 	.db #0x00	; 0
    000000E8 00                     328 	.db #0x00	; 0
    000000E9 00                     329 	.db #0x00	; 0
    000000EA 00                     330 	.db #0x00	; 0
    000000EB 00                     331 	.db #0x00	; 0
    000000EC 00                     332 	.db #0x00	; 0
    000000ED 00                     333 	.db #0x00	; 0
    000000EE 00                     334 	.db #0x00	; 0
    000000EF 00                     335 	.db #0x00	; 0
    000000F0 00                     336 	.db #0x00	; 0
    000000F1 00                     337 	.db #0x00	; 0
    000000F2 00                     338 	.db #0x00	; 0
    000000F3 00                     339 	.db #0x00	; 0
    000000F4 00                     340 	.db #0x00	; 0
    000000F5 00                     341 	.db #0x00	; 0
    000000F6 00                     342 	.db #0x00	; 0
    000000F7 00                     343 	.db #0x00	; 0
    000000F8 00                     344 	.db #0x00	; 0
    000000F9 00                     345 	.db #0x00	; 0
    000000FA 00                     346 	.db #0x00	; 0
    000000FB 00                     347 	.db #0x00	; 0
    000000FC 00                     348 	.db #0x00	; 0
    000000FD 00                     349 	.db #0x00	; 0
    000000FE 00                     350 	.db #0x00	; 0
    000000FF 00                     351 	.db #0x00	; 0
    00000100 00                     352 	.db #0x00	; 0
    00000101 00                     353 	.db #0x00	; 0
    00000102 00                     354 	.db #0x00	; 0
    00000103 00                     355 	.db #0x00	; 0
    00000104 00                     356 	.db #0x00	; 0
    00000105 00                     357 	.db #0x00	; 0
    00000106 00                     358 	.db #0x00	; 0
    00000107 00                     359 	.db #0x00	; 0
    00000108 00                     360 	.db #0x00	; 0
    00000109 00                     361 	.db #0x00	; 0
    0000010A 00                     362 	.db #0x00	; 0
    0000010B 00                     363 	.db #0x00	; 0
    0000010C 00                     364 	.db #0x00	; 0
    0000010D 00                     365 	.db #0x00	; 0
    0000010E 00                     366 	.db #0x00	; 0
    0000010F 00                     367 	.db #0x00	; 0
    00000110 00                     368 	.db #0x00	; 0
    00000111 00                     369 	.db #0x00	; 0
    00000112 00                     370 	.db #0x00	; 0
    00000113 00                     371 	.db #0x00	; 0
    00000114 00                     372 	.db #0x00	; 0
    00000115 00                     373 	.db #0x00	; 0
    00000116 00                     374 	.db #0x00	; 0
    00000117 00                     375 	.db #0x00	; 0
    00000118 00                     376 	.db #0x00	; 0
    00000119 00                     377 	.db #0x00	; 0
    0000011A 00                     378 	.db #0x00	; 0
    0000011B 00                     379 	.db #0x00	; 0
    0000011C 00                     380 	.db #0x00	; 0
    0000011D 00                     381 	.db #0x00	; 0
    0000011E 00                     382 	.db #0x00	; 0
    0000011F 00                     383 	.db #0x00	; 0
    00000120 00                     384 	.db #0x00	; 0
    00000121 00                     385 	.db #0x00	; 0
    00000122 00                     386 	.db #0x00	; 0
    00000123 00                     387 	.db #0x00	; 0
    00000124 00                     388 	.db #0x00	; 0
    00000125 00                     389 	.db #0x00	; 0
    00000126 00                     390 	.db #0x00	; 0
    00000127 00                     391 	.db #0x00	; 0
    00000128 00                     392 	.db #0x00	; 0
    00000129 00                     393 	.db #0x00	; 0
    0000012A 00                     394 	.db #0x00	; 0
    0000012B 00                     395 	.db #0x00	; 0
    0000012C 00                     396 	.db #0x00	; 0
    0000012D 00                     397 	.db #0x00	; 0
    0000012E 00                     398 	.db #0x00	; 0
    0000012F 00                     399 	.db #0x00	; 0
    00000130 00                     400 	.db #0x00	; 0
    00000131 00                     401 	.db #0x00	; 0
    00000132 00                     402 	.db #0x00	; 0
    00000133 00                     403 	.db #0x00	; 0
    00000134 00                     404 	.db #0x00	; 0
    00000135 00                     405 	.db #0x00	; 0
    00000136 00                     406 	.db #0x00	; 0
    00000137 00                     407 	.db #0x00	; 0
    00000138 00                     408 	.db #0x00	; 0
    00000139 00                     409 	.db #0x00	; 0
    0000013A 00                     410 	.db #0x00	; 0
    0000013B 00                     411 	.db #0x00	; 0
    0000013C 00                     412 	.db #0x00	; 0
    0000013D 00                     413 	.db #0x00	; 0
    0000013E 00                     414 	.db #0x00	; 0
    0000013F 00                     415 	.db #0x00	; 0
    00000140 00                     416 	.db #0x00	; 0
    00000141 00                     417 	.db #0x00	; 0
    00000142 00                     418 	.db #0x00	; 0
    00000143 00                     419 	.db #0x00	; 0
    00000144 00                     420 	.db #0x00	; 0
    00000145 00                     421 	.db #0x00	; 0
    00000146 00                     422 	.db #0x00	; 0
    00000147 00                     423 	.db #0x00	; 0
    00000148 00                     424 	.db #0x00	; 0
    00000149 00                     425 	.db #0x00	; 0
    0000014A 00                     426 	.db #0x00	; 0
    0000014B 00                     427 	.db #0x00	; 0
    0000014C 00                     428 	.db #0x00	; 0
    0000014D 00                     429 	.db #0x00	; 0
    0000014E 00                     430 	.db #0x00	; 0
    0000014F 00                     431 	.db #0x00	; 0
    00000150 00                     432 	.db #0x00	; 0
    00000151 00                     433 	.db #0x00	; 0
    00000152 00                     434 	.db #0x00	; 0
    00000153 00                     435 	.db #0x00	; 0
    00000154 00                     436 	.db #0x00	; 0
    00000155 00                     437 	.db #0x00	; 0
    00000156 00                     438 	.db #0x00	; 0
    00000157 00                     439 	.db #0x00	; 0
    00000158 00                     440 	.db #0x00	; 0
    00000159 00                     441 	.db #0x00	; 0
    0000015A 00                     442 	.db #0x00	; 0
    0000015B 00                     443 	.db #0x00	; 0
    0000015C 00                     444 	.db #0x00	; 0
    0000015D 00                     445 	.db #0x00	; 0
    0000015E 00                     446 	.db #0x00	; 0
    0000015F 00                     447 	.db #0x00	; 0
    00000160 00                     448 	.db #0x00	; 0
    00000161 00                     449 	.db #0x00	; 0
    00000162 00                     450 	.db #0x00	; 0
    00000163 00                     451 	.db #0x00	; 0
    00000164 00                     452 	.db #0x00	; 0
    00000165 00                     453 	.db #0x00	; 0
    00000166 00                     454 	.db #0x00	; 0
    00000167 00                     455 	.db #0x00	; 0
    00000168 00                     456 	.db #0x00	; 0
    00000169 00                     457 	.db #0x00	; 0
    0000016A 00                     458 	.db #0x00	; 0
    0000016B 00                     459 	.db #0x00	; 0
    0000016C 00                     460 	.db #0x00	; 0
    0000016D 00                     461 	.db #0x00	; 0
    0000016E 00                     462 	.db #0x00	; 0
    0000016F 00                     463 	.db #0x00	; 0
    00000170 00                     464 	.db #0x00	; 0
    00000171 00                     465 	.db #0x00	; 0
    00000172 00                     466 	.db #0x00	; 0
    00000173 00                     467 	.db #0x00	; 0
    00000174 00                     468 	.db #0x00	; 0
    00000175 00                     469 	.db #0x00	; 0
    00000176 00                     470 	.db #0x00	; 0
    00000177 00                     471 	.db #0x00	; 0
    00000178 00                     472 	.db #0x00	; 0
    00000179 00                     473 	.db #0x00	; 0
    0000017A 00                     474 	.db #0x00	; 0
    0000017B 00                     475 	.db #0x00	; 0
    0000017C 00                     476 	.db #0x00	; 0
    0000017D 00                     477 	.db #0x00	; 0
    0000017E 00                     478 	.db #0x00	; 0
    0000017F 00                     479 	.db #0x00	; 0
    00000180 00                     480 	.db #0x00	; 0
    00000181 00                     481 	.db #0x00	; 0
    00000182 00                     482 	.db #0x00	; 0
    00000183 00                     483 	.db #0x00	; 0
    00000184 00                     484 	.db #0x00	; 0
    00000185 00                     485 	.db #0x00	; 0
    00000186 00                     486 	.db #0x00	; 0
    00000187 00                     487 	.db #0x00	; 0
    00000188 00                     488 	.db #0x00	; 0
    00000189 00                     489 	.db #0x00	; 0
    0000018A 00                     490 	.db #0x00	; 0
    0000018B 00                     491 	.db #0x00	; 0
    0000018C 00                     492 	.db #0x00	; 0
    0000018D 00                     493 	.db #0x00	; 0
    0000018E 00                     494 	.db #0x00	; 0
    0000018F 00                     495 	.db #0x00	; 0
    00000190 00                     496 	.db #0x00	; 0
    00000191 00                     497 	.db #0x00	; 0
    00000192 00                     498 	.db #0x00	; 0
    00000193 00                     499 	.db #0x00	; 0
    00000194 00                     500 	.db #0x00	; 0
    00000195 00                     501 	.db #0x00	; 0
    00000196 00                     502 	.db #0x00	; 0
    00000197 00                     503 	.db #0x00	; 0
    00000198 00                     504 	.db #0x00	; 0
    00000199 00                     505 	.db #0x00	; 0
    0000019A 00                     506 	.db #0x00	; 0
    0000019B 00                     507 	.db #0x00	; 0
    0000019C 00                     508 	.db #0x00	; 0
    0000019D 00                     509 	.db #0x00	; 0
    0000019E 00                     510 	.db #0x00	; 0
    0000019F 00                     511 	.db #0x00	; 0
    000001A0 00                     512 	.db #0x00	; 0
    000001A1 00                     513 	.db #0x00	; 0
    000001A2 03                     514 	.db #0x03	; 3
    000001A3 01                     515 	.db #0x01	; 1
    000001A4 01                     516 	.db #0x01	; 1
    000001A5 01                     517 	.db #0x01	; 1
    000001A6 01                     518 	.db #0x01	; 1
    000001A7 01                     519 	.db #0x01	; 1
    000001A8 01                     520 	.db #0x01	; 1
    000001A9 01                     521 	.db #0x01	; 1
    000001AA 01                     522 	.db #0x01	; 1
    000001AB 01                     523 	.db #0x01	; 1
    000001AC 01                     524 	.db #0x01	; 1
    000001AD 02                     525 	.db #0x02	; 2
    000001AE 00                     526 	.db #0x00	; 0
    000001AF 00                     527 	.db #0x00	; 0
    000001B0 00                     528 	.db #0x00	; 0
    000001B1 00                     529 	.db #0x00	; 0
    000001B2 00                     530 	.db #0x00	; 0
    000001B3 00                     531 	.db #0x00	; 0
    000001B4 00                     532 	.db #0x00	; 0
    000001B5 00                     533 	.db #0x00	; 0
    000001B6 00                     534 	.db #0x00	; 0
    000001B7 00                     535 	.db #0x00	; 0
    000001B8 00                     536 	.db #0x00	; 0
    000001B9 00                     537 	.db #0x00	; 0
    000001BA 00                     538 	.db #0x00	; 0
    000001BB 00                     539 	.db #0x00	; 0
    000001BC 00                     540 	.db #0x00	; 0
    000001BD 00                     541 	.db #0x00	; 0
    000001BE 00                     542 	.db #0x00	; 0
    000001BF 00                     543 	.db #0x00	; 0
    000001C0 00                     544 	.db #0x00	; 0
    000001C1 00                     545 	.db #0x00	; 0
    000001C2 00                     546 	.db #0x00	; 0
    000001C3 00                     547 	.db #0x00	; 0
    000001C4 00                     548 	.db #0x00	; 0
    000001C5 00                     549 	.db #0x00	; 0
    000001C6 00                     550 	.db #0x00	; 0
    000001C7 00                     551 	.db #0x00	; 0
    000001C8 00                     552 	.db #0x00	; 0
    000001C9 00                     553 	.db #0x00	; 0
    000001CA 03                     554 	.db #0x03	; 3
    000001CB 01                     555 	.db #0x01	; 1
    000001CC 01                     556 	.db #0x01	; 1
    000001CD 01                     557 	.db #0x01	; 1
    000001CE 01                     558 	.db #0x01	; 1
    000001CF 01                     559 	.db #0x01	; 1
    000001D0 01                     560 	.db #0x01	; 1
    000001D1 01                     561 	.db #0x01	; 1
    000001D2 01                     562 	.db #0x01	; 1
    000001D3 01                     563 	.db #0x01	; 1
    000001D4 01                     564 	.db #0x01	; 1
    000001D5 02                     565 	.db #0x02	; 2
    000001D6 00                     566 	.db #0x00	; 0
    000001D7 00                     567 	.db #0x00	; 0
    000001D8 00                     568 	.db #0x00	; 0
    000001D9 00                     569 	.db #0x00	; 0
    000001DA 00                     570 	.db #0x00	; 0
    000001DB 00                     571 	.db #0x00	; 0
    000001DC 00                     572 	.db #0x00	; 0
    000001DD 00                     573 	.db #0x00	; 0
    000001DE 00                     574 	.db #0x00	; 0
    000001DF 00                     575 	.db #0x00	; 0
    000001E0 00                     576 	.db #0x00	; 0
    000001E1 00                     577 	.db #0x00	; 0
    000001E2 00                     578 	.db #0x00	; 0
    000001E3 00                     579 	.db #0x00	; 0
    000001E4 00                     580 	.db #0x00	; 0
    000001E5 00                     581 	.db #0x00	; 0
    000001E6 00                     582 	.db #0x00	; 0
    000001E7 00                     583 	.db #0x00	; 0
    000001E8 00                     584 	.db #0x00	; 0
    000001E9 00                     585 	.db #0x00	; 0
    000001EA 00                     586 	.db #0x00	; 0
    000001EB 00                     587 	.db #0x00	; 0
    000001EC 00                     588 	.db #0x00	; 0
    000001ED 00                     589 	.db #0x00	; 0
    000001EE 00                     590 	.db #0x00	; 0
    000001EF 00                     591 	.db #0x00	; 0
    000001F0 00                     592 	.db #0x00	; 0
    000001F1 00                     593 	.db #0x00	; 0
    000001F2 03                     594 	.db #0x03	; 3
    000001F3 01                     595 	.db #0x01	; 1
    000001F4 01                     596 	.db #0x01	; 1
    000001F5 01                     597 	.db #0x01	; 1
    000001F6 01                     598 	.db #0x01	; 1
    000001F7 01                     599 	.db #0x01	; 1
    000001F8 01                     600 	.db #0x01	; 1
    000001F9 01                     601 	.db #0x01	; 1
    000001FA 01                     602 	.db #0x01	; 1
    000001FB 01                     603 	.db #0x01	; 1
    000001FC 01                     604 	.db #0x01	; 1
    000001FD 02                     605 	.db #0x02	; 2
    000001FE 00                     606 	.db #0x00	; 0
    000001FF 00                     607 	.db #0x00	; 0
    00000200 00                     608 	.db #0x00	; 0
    00000201 00                     609 	.db #0x00	; 0
    00000202 00                     610 	.db #0x00	; 0
    00000203 00                     611 	.db #0x00	; 0
    00000204 00                     612 	.db #0x00	; 0
    00000205 00                     613 	.db #0x00	; 0
    00000206 00                     614 	.db #0x00	; 0
    00000207 00                     615 	.db #0x00	; 0
    00000208 00                     616 	.db #0x00	; 0
    00000209 00                     617 	.db #0x00	; 0
    0000020A 00                     618 	.db #0x00	; 0
    0000020B 00                     619 	.db #0x00	; 0
    0000020C 00                     620 	.db #0x00	; 0
    0000020D 00                     621 	.db #0x00	; 0
    0000020E 00                     622 	.db #0x00	; 0
    0000020F 00                     623 	.db #0x00	; 0
    00000210 00                     624 	.db #0x00	; 0
    00000211 00                     625 	.db #0x00	; 0
    00000212 00                     626 	.db #0x00	; 0
    00000213 00                     627 	.db #0x00	; 0
    00000214 00                     628 	.db #0x00	; 0
    00000215 00                     629 	.db #0x00	; 0
    00000216 00                     630 	.db #0x00	; 0
    00000217 00                     631 	.db #0x00	; 0
    00000218 00                     632 	.db #0x00	; 0
    00000219 00                     633 	.db #0x00	; 0
    0000021A 03                     634 	.db #0x03	; 3
    0000021B 01                     635 	.db #0x01	; 1
    0000021C 01                     636 	.db #0x01	; 1
    0000021D 01                     637 	.db #0x01	; 1
    0000021E 01                     638 	.db #0x01	; 1
    0000021F 01                     639 	.db #0x01	; 1
    00000220 01                     640 	.db #0x01	; 1
    00000221 01                     641 	.db #0x01	; 1
    00000222 01                     642 	.db #0x01	; 1
    00000223 01                     643 	.db #0x01	; 1
    00000224 01                     644 	.db #0x01	; 1
    00000225 02                     645 	.db #0x02	; 2
    00000226 00                     646 	.db #0x00	; 0
    00000227 00                     647 	.db #0x00	; 0
    00000228 00                     648 	.db #0x00	; 0
    00000229 00                     649 	.db #0x00	; 0
    0000022A 00                     650 	.db #0x00	; 0
    0000022B 00                     651 	.db #0x00	; 0
    0000022C 00                     652 	.db #0x00	; 0
    0000022D 00                     653 	.db #0x00	; 0
    0000022E 00                     654 	.db #0x00	; 0
    0000022F 00                     655 	.db #0x00	; 0
    00000230 00                     656 	.db #0x00	; 0
    00000231 00                     657 	.db #0x00	; 0
    00000232 00                     658 	.db #0x00	; 0
    00000233 00                     659 	.db #0x00	; 0
    00000234 00                     660 	.db #0x00	; 0
    00000235 00                     661 	.db #0x00	; 0
    00000236 00                     662 	.db #0x00	; 0
    00000237 00                     663 	.db #0x00	; 0
    00000238 06                     664 	.db #0x06	; 6
    00000239 06                     665 	.db #0x06	; 6
    0000023A 06                     666 	.db #0x06	; 6
    0000023B 06                     667 	.db #0x06	; 6
    0000023C 06                     668 	.db #0x06	; 6
    0000023D 06                     669 	.db #0x06	; 6
    0000023E 06                     670 	.db #0x06	; 6
    0000023F 06                     671 	.db #0x06	; 6
    00000240 06                     672 	.db #0x06	; 6
    00000241 06                     673 	.db #0x06	; 6
    00000242 03                     674 	.db #0x03	; 3
    00000243 01                     675 	.db #0x01	; 1
    00000244 01                     676 	.db #0x01	; 1
    00000245 01                     677 	.db #0x01	; 1
    00000246 01                     678 	.db #0x01	; 1
    00000247 01                     679 	.db #0x01	; 1
    00000248 01                     680 	.db #0x01	; 1
    00000249 01                     681 	.db #0x01	; 1
    0000024A 01                     682 	.db #0x01	; 1
    0000024B 01                     683 	.db #0x01	; 1
    0000024C 01                     684 	.db #0x01	; 1
    0000024D 02                     685 	.db #0x02	; 2
    0000024E 06                     686 	.db #0x06	; 6
    0000024F 06                     687 	.db #0x06	; 6
    00000250 06                     688 	.db #0x06	; 6
    00000251 06                     689 	.db #0x06	; 6
    00000252 06                     690 	.db #0x06	; 6
    00000253 06                     691 	.db #0x06	; 6
    00000254 06                     692 	.db #0x06	; 6
    00000255 06                     693 	.db #0x06	; 6
    00000256 06                     694 	.db #0x06	; 6
    00000257 06                     695 	.db #0x06	; 6
    00000258 06                     696 	.db #0x06	; 6
    00000259 06                     697 	.db #0x06	; 6
    0000025A 06                     698 	.db #0x06	; 6
    0000025B 06                     699 	.db #0x06	; 6
    0000025C 06                     700 	.db #0x06	; 6
    0000025D 06                     701 	.db #0x06	; 6
    0000025E 06                     702 	.db #0x06	; 6
    0000025F 06                     703 	.db #0x06	; 6
    00000260 04                     704 	.db #0x04	; 4
    00000261 04                     705 	.db #0x04	; 4
    00000262 04                     706 	.db #0x04	; 4
    00000263 04                     707 	.db #0x04	; 4
    00000264 04                     708 	.db #0x04	; 4
    00000265 04                     709 	.db #0x04	; 4
    00000266 04                     710 	.db #0x04	; 4
    00000267 04                     711 	.db #0x04	; 4
    00000268 04                     712 	.db #0x04	; 4
    00000269 04                     713 	.db #0x04	; 4
    0000026A 04                     714 	.db #0x04	; 4
    0000026B 04                     715 	.db #0x04	; 4
    0000026C 04                     716 	.db #0x04	; 4
    0000026D 04                     717 	.db #0x04	; 4
    0000026E 04                     718 	.db #0x04	; 4
    0000026F 04                     719 	.db #0x04	; 4
    00000270 04                     720 	.db #0x04	; 4
    00000271 04                     721 	.db #0x04	; 4
    00000272 04                     722 	.db #0x04	; 4
    00000273 04                     723 	.db #0x04	; 4
    00000274 04                     724 	.db #0x04	; 4
    00000275 04                     725 	.db #0x04	; 4
    00000276 04                     726 	.db #0x04	; 4
    00000277 04                     727 	.db #0x04	; 4
    00000278 04                     728 	.db #0x04	; 4
    00000279 04                     729 	.db #0x04	; 4
    0000027A 04                     730 	.db #0x04	; 4
    0000027B 04                     731 	.db #0x04	; 4
    0000027C 04                     732 	.db #0x04	; 4
    0000027D 04                     733 	.db #0x04	; 4
    0000027E 04                     734 	.db #0x04	; 4
    0000027F 04                     735 	.db #0x04	; 4
    00000280 04                     736 	.db #0x04	; 4
    00000281 04                     737 	.db #0x04	; 4
    00000282 04                     738 	.db #0x04	; 4
    00000283 04                     739 	.db #0x04	; 4
    00000284 04                     740 	.db #0x04	; 4
    00000285 04                     741 	.db #0x04	; 4
    00000286 04                     742 	.db #0x04	; 4
    00000287 04                     743 	.db #0x04	; 4
    00000288 04                     744 	.db #0x04	; 4
    00000289 04                     745 	.db #0x04	; 4
    0000028A 04                     746 	.db #0x04	; 4
    0000028B 04                     747 	.db #0x04	; 4
    0000028C 04                     748 	.db #0x04	; 4
    0000028D 04                     749 	.db #0x04	; 4
    0000028E 04                     750 	.db #0x04	; 4
    0000028F 04                     751 	.db #0x04	; 4
    00000290 04                     752 	.db #0x04	; 4
    00000291 04                     753 	.db #0x04	; 4
    00000292 04                     754 	.db #0x04	; 4
    00000293 04                     755 	.db #0x04	; 4
    00000294 04                     756 	.db #0x04	; 4
    00000295 04                     757 	.db #0x04	; 4
    00000296 04                     758 	.db #0x04	; 4
    00000297 04                     759 	.db #0x04	; 4
    00000298 04                     760 	.db #0x04	; 4
    00000299 04                     761 	.db #0x04	; 4
    0000029A 04                     762 	.db #0x04	; 4
    0000029B 04                     763 	.db #0x04	; 4
    0000029C 04                     764 	.db #0x04	; 4
    0000029D 04                     765 	.db #0x04	; 4
    0000029E 04                     766 	.db #0x04	; 4
    0000029F 04                     767 	.db #0x04	; 4
    000002A0 04                     768 	.db #0x04	; 4
    000002A1 04                     769 	.db #0x04	; 4
    000002A2 04                     770 	.db #0x04	; 4
    000002A3 04                     771 	.db #0x04	; 4
    000002A4 04                     772 	.db #0x04	; 4
    000002A5 04                     773 	.db #0x04	; 4
    000002A6 04                     774 	.db #0x04	; 4
    000002A7 04                     775 	.db #0x04	; 4
    000002A8 04                     776 	.db #0x04	; 4
    000002A9 04                     777 	.db #0x04	; 4
    000002AA 04                     778 	.db #0x04	; 4
    000002AB 04                     779 	.db #0x04	; 4
    000002AC 04                     780 	.db #0x04	; 4
    000002AD 04                     781 	.db #0x04	; 4
    000002AE 04                     782 	.db #0x04	; 4
    000002AF 04                     783 	.db #0x04	; 4
    000002B0 04                     784 	.db #0x04	; 4
    000002B1 04                     785 	.db #0x04	; 4
    000002B2 04                     786 	.db #0x04	; 4
    000002B3 04                     787 	.db #0x04	; 4
    000002B4 04                     788 	.db #0x04	; 4
    000002B5 04                     789 	.db #0x04	; 4
    000002B6 04                     790 	.db #0x04	; 4
    000002B7 04                     791 	.db #0x04	; 4
    000002B8 04                     792 	.db #0x04	; 4
    000002B9 04                     793 	.db #0x04	; 4
    000002BA 04                     794 	.db #0x04	; 4
    000002BB 04                     795 	.db #0x04	; 4
    000002BC 04                     796 	.db #0x04	; 4
    000002BD 04                     797 	.db #0x04	; 4
    000002BE 04                     798 	.db #0x04	; 4
    000002BF 04                     799 	.db #0x04	; 4
    000002C0 04                     800 	.db #0x04	; 4
    000002C1 04                     801 	.db #0x04	; 4
    000002C2 04                     802 	.db #0x04	; 4
    000002C3 04                     803 	.db #0x04	; 4
    000002C4 04                     804 	.db #0x04	; 4
    000002C5 04                     805 	.db #0x04	; 4
    000002C6 04                     806 	.db #0x04	; 4
    000002C7 04                     807 	.db #0x04	; 4
    000002C8 04                     808 	.db #0x04	; 4
    000002C9 04                     809 	.db #0x04	; 4
    000002CA 04                     810 	.db #0x04	; 4
    000002CB 04                     811 	.db #0x04	; 4
    000002CC 04                     812 	.db #0x04	; 4
    000002CD 04                     813 	.db #0x04	; 4
    000002CE 04                     814 	.db #0x04	; 4
    000002CF 04                     815 	.db #0x04	; 4
    000002D0 04                     816 	.db #0x04	; 4
    000002D1 04                     817 	.db #0x04	; 4
    000002D2 04                     818 	.db #0x04	; 4
    000002D3 04                     819 	.db #0x04	; 4
    000002D4 04                     820 	.db #0x04	; 4
    000002D5 04                     821 	.db #0x04	; 4
    000002D6 04                     822 	.db #0x04	; 4
    000002D7 04                     823 	.db #0x04	; 4
    000002D8 04                     824 	.db #0x04	; 4
    000002D9 04                     825 	.db #0x04	; 4
    000002DA 04                     826 	.db #0x04	; 4
    000002DB 04                     827 	.db #0x04	; 4
    000002DC 04                     828 	.db #0x04	; 4
    000002DD 04                     829 	.db #0x04	; 4
    000002DE 04                     830 	.db #0x04	; 4
    000002DF 04                     831 	.db #0x04	; 4
    000002E0 04                     832 	.db #0x04	; 4
    000002E1 04                     833 	.db #0x04	; 4
    000002E2 04                     834 	.db #0x04	; 4
    000002E3 04                     835 	.db #0x04	; 4
    000002E4 04                     836 	.db #0x04	; 4
    000002E5 04                     837 	.db #0x04	; 4
    000002E6 04                     838 	.db #0x04	; 4
    000002E7 04                     839 	.db #0x04	; 4
    000002E8 04                     840 	.db #0x04	; 4
    000002E9 04                     841 	.db #0x04	; 4
    000002EA 04                     842 	.db #0x04	; 4
    000002EB 04                     843 	.db #0x04	; 4
    000002EC 04                     844 	.db #0x04	; 4
    000002ED 04                     845 	.db #0x04	; 4
    000002EE 04                     846 	.db #0x04	; 4
    000002EF 04                     847 	.db #0x04	; 4
    000002F0 04                     848 	.db #0x04	; 4
    000002F1 04                     849 	.db #0x04	; 4
    000002F2 04                     850 	.db #0x04	; 4
    000002F3 04                     851 	.db #0x04	; 4
    000002F4 04                     852 	.db #0x04	; 4
    000002F5 04                     853 	.db #0x04	; 4
    000002F6 04                     854 	.db #0x04	; 4
    000002F7 04                     855 	.db #0x04	; 4
    000002F8 04                     856 	.db #0x04	; 4
    000002F9 04                     857 	.db #0x04	; 4
    000002FA 04                     858 	.db #0x04	; 4
    000002FB 04                     859 	.db #0x04	; 4
    000002FC 04                     860 	.db #0x04	; 4
    000002FD 04                     861 	.db #0x04	; 4
    000002FE 04                     862 	.db #0x04	; 4
    000002FF 04                     863 	.db #0x04	; 4
    00000300 04                     864 	.db #0x04	; 4
    00000301 04                     865 	.db #0x04	; 4
    00000302 04                     866 	.db #0x04	; 4
    00000303 04                     867 	.db #0x04	; 4
    00000304 04                     868 	.db #0x04	; 4
    00000305 04                     869 	.db #0x04	; 4
    00000306 04                     870 	.db #0x04	; 4
    00000307 04                     871 	.db #0x04	; 4
    00000308 04                     872 	.db #0x04	; 4
    00000309 04                     873 	.db #0x04	; 4
    0000030A 04                     874 	.db #0x04	; 4
    0000030B 04                     875 	.db #0x04	; 4
    0000030C 04                     876 	.db #0x04	; 4
    0000030D 04                     877 	.db #0x04	; 4
    0000030E 04                     878 	.db #0x04	; 4
    0000030F 04                     879 	.db #0x04	; 4
    00000310 04                     880 	.db #0x04	; 4
    00000311 04                     881 	.db #0x04	; 4
    00000312 04                     882 	.db #0x04	; 4
    00000313 04                     883 	.db #0x04	; 4
    00000314 04                     884 	.db #0x04	; 4
    00000315 04                     885 	.db #0x04	; 4
    00000316 04                     886 	.db #0x04	; 4
    00000317 04                     887 	.db #0x04	; 4
    00000318 04                     888 	.db #0x04	; 4
    00000319 04                     889 	.db #0x04	; 4
    0000031A 04                     890 	.db #0x04	; 4
    0000031B 04                     891 	.db #0x04	; 4
    0000031C 04                     892 	.db #0x04	; 4
    0000031D 04                     893 	.db #0x04	; 4
    0000031E 04                     894 	.db #0x04	; 4
    0000031F 04                     895 	.db #0x04	; 4
    00000320 04                     896 	.db #0x04	; 4
    00000321 04                     897 	.db #0x04	; 4
    00000322 04                     898 	.db #0x04	; 4
    00000323 04                     899 	.db #0x04	; 4
    00000324 04                     900 	.db #0x04	; 4
    00000325 04                     901 	.db #0x04	; 4
    00000326 04                     902 	.db #0x04	; 4
    00000327 04                     903 	.db #0x04	; 4
    00000328 04                     904 	.db #0x04	; 4
    00000329 04                     905 	.db #0x04	; 4
    0000032A 04                     906 	.db #0x04	; 4
    0000032B 04                     907 	.db #0x04	; 4
    0000032C 04                     908 	.db #0x04	; 4
    0000032D 04                     909 	.db #0x04	; 4
    0000032E 04                     910 	.db #0x04	; 4
    0000032F 04                     911 	.db #0x04	; 4
    00000330 04                     912 	.db #0x04	; 4
    00000331 04                     913 	.db #0x04	; 4
    00000332 04                     914 	.db #0x04	; 4
    00000333 04                     915 	.db #0x04	; 4
    00000334 04                     916 	.db #0x04	; 4
    00000335 04                     917 	.db #0x04	; 4
    00000336 04                     918 	.db #0x04	; 4
    00000337 04                     919 	.db #0x04	; 4
    00000338 04                     920 	.db #0x04	; 4
    00000339 04                     921 	.db #0x04	; 4
    0000033A 04                     922 	.db #0x04	; 4
    0000033B 04                     923 	.db #0x04	; 4
    0000033C 04                     924 	.db #0x04	; 4
    0000033D 04                     925 	.db #0x04	; 4
    0000033E 04                     926 	.db #0x04	; 4
    0000033F 04                     927 	.db #0x04	; 4
    00000340 04                     928 	.db #0x04	; 4
    00000341 04                     929 	.db #0x04	; 4
    00000342 04                     930 	.db #0x04	; 4
    00000343 04                     931 	.db #0x04	; 4
    00000344 04                     932 	.db #0x04	; 4
    00000345 04                     933 	.db #0x04	; 4
    00000346 04                     934 	.db #0x04	; 4
    00000347 04                     935 	.db #0x04	; 4
    00000348 04                     936 	.db #0x04	; 4
    00000349 04                     937 	.db #0x04	; 4
    0000034A 04                     938 	.db #0x04	; 4
    0000034B 04                     939 	.db #0x04	; 4
    0000034C 04                     940 	.db #0x04	; 4
    0000034D 04                     941 	.db #0x04	; 4
    0000034E 04                     942 	.db #0x04	; 4
    0000034F 04                     943 	.db #0x04	; 4
                                    944 	.area _CABS (ABS)
