                                      1 ;--------------------------------------------------------
                                      2 ; File Created by SDCC : free open source ISO C Compiler 
                                      3 ; Version 4.4.1 #14650 (Mac OS X ppc)
                                      4 ;--------------------------------------------------------
                                      5 	.module main
                                      6 	.optsdcc -msm83
                                      7 	
                                      8 ;--------------------------------------------------------
                                      9 ; Public variables in this module
                                     10 ;--------------------------------------------------------
                                     11 	.globl _main
                                     12 	.globl _font_set
                                     13 	.globl _font_load
                                     14 	.globl _font_init
                                     15 	.globl _set_win_tiles
                                     16 	.globl _set_bkg_tiles
                                     17 	.globl _set_bkg_data
                                     18 	.globl _wait_vbl_done
                                     19 	.globl _windowmap
                                     20 	.globl _backgroundmap
                                     21 	.globl _backgroundtiles
                                     22 ;--------------------------------------------------------
                                     23 ; special function registers
                                     24 ;--------------------------------------------------------
                                     25 ;--------------------------------------------------------
                                     26 ; ram data
                                     27 ;--------------------------------------------------------
                                     28 	.area _DATA
                                     29 ;--------------------------------------------------------
                                     30 ; ram data
                                     31 ;--------------------------------------------------------
                                     32 	.area _INITIALIZED
    00000000                         33 _backgroundtiles::
    00000000                         34 	.ds 128
    00000080                         35 _backgroundmap::
    00000080                         36 	.ds 720
    00000350                         37 _windowmap::
    00000350                         38 	.ds 5
                                     39 ;--------------------------------------------------------
                                     40 ; absolute external ram data
                                     41 ;--------------------------------------------------------
                                     42 	.area _DABS (ABS)
                                     43 ;--------------------------------------------------------
                                     44 ; global & static initialisations
                                     45 ;--------------------------------------------------------
                                     46 	.area _HOME
                                     47 	.area _GSINIT
                                     48 	.area _GSFINAL
                                     49 	.area _GSINIT
                                     50 ;--------------------------------------------------------
                                     51 ; Home
                                     52 ;--------------------------------------------------------
                                     53 	.area _HOME
                                     54 	.area _HOME
                                     55 ;--------------------------------------------------------
                                     56 ; code
                                     57 ;--------------------------------------------------------
                                     58 	.area _CODE
                                     59 ;main.c:7: void main(){
                                     60 ;	---------------------------------
                                     61 ; Function main
                                     62 ; ---------------------------------
    00000000                         63 _main::
                                     64 ;main.c:10: font_init();
    00000000 CDr00r00         [24]   65 	call	_font_init
                                     66 ;main.c:11: min_font = font_load(font_min);
    00000003 11r00r00         [12]   67 	ld	de, #_font_min
    00000006 D5               [16]   68 	push	de
    00000007 CDr00r00         [24]   69 	call	_font_load
    0000000A E1               [12]   70 	pop	hl
                                     71 ;main.c:12: font_set(min_font);
    0000000B D5               [16]   72 	push	de
    0000000C CDr00r00         [24]   73 	call	_font_set
    0000000F E1               [12]   74 	pop	hl
                                     75 ;main.c:14: set_bkg_data(37, 7, backgroundtiles);
    00000010 11r00r00         [12]   76 	ld	de, #_backgroundtiles
    00000013 D5               [16]   77 	push	de
    00000014 21 25 07         [12]   78 	ld	hl, #0x725
    00000017 E5               [16]   79 	push	hl
    00000018 CDr00r00         [24]   80 	call	_set_bkg_data
    0000001B E8 04            [16]   81 	add	sp, #4
                                     82 ;main.c:15: set_bkg_tiles(0, 0, 40, 18, backgroundmap);
    0000001D 11r80r00         [12]   83 	ld	de, #_backgroundmap
    00000020 D5               [16]   84 	push	de
    00000021 21 28 12         [12]   85 	ld	hl, #0x1228
    00000024 E5               [16]   86 	push	hl
    00000025 AF               [ 4]   87 	xor	a, a
    00000026 0F               [ 4]   88 	rrca
    00000027 F5               [16]   89 	push	af
    00000028 CDr00r00         [24]   90 	call	_set_bkg_tiles
    0000002B E8 06            [16]   91 	add	sp, #6
                                     92 ;main.c:17: set_win_tiles(0,0,5,1,windowmap);
    0000002D 11r50r03         [12]   93 	ld	de, #_windowmap
    00000030 D5               [16]   94 	push	de
    00000031 21 05 01         [12]   95 	ld	hl, #0x105
    00000034 E5               [16]   96 	push	hl
    00000035 AF               [ 4]   97 	xor	a, a
    00000036 0F               [ 4]   98 	rrca
    00000037 F5               [16]   99 	push	af
    00000038 CDr00r00         [24]  100 	call	_set_win_tiles
    0000003B E8 06            [16]  101 	add	sp, #6
                                    102 ;/Users/rajath/gbdk/include/gb/gb.h:1727: WX_REG=x, WY_REG=y;
    0000003D 3E 07            [ 8]  103 	ld	a, #0x07
    0000003F E0r00            [12]  104 	ldh	(_WX_REG + 0), a
    00000041 3E 64            [ 8]  105 	ld	a, #0x64
    00000043 E0r00            [12]  106 	ldh	(_WY_REG + 0), a
                                    107 ;main.c:21: SHOW_BKG;
    00000045 F0r00            [12]  108 	ldh	a, (_LCDC_REG + 0)
    00000047 F6 01            [ 8]  109 	or	a, #0x01
    00000049 E0r00            [12]  110 	ldh	(_LCDC_REG + 0), a
                                    111 ;main.c:22: SHOW_WIN;
    0000004B F0r00            [12]  112 	ldh	a, (_LCDC_REG + 0)
    0000004D F6 20            [ 8]  113 	or	a, #0x20
    0000004F E0r00            [12]  114 	ldh	(_LCDC_REG + 0), a
                                    115 ;main.c:23: DISPLAY_ON;
    00000051 F0r00            [12]  116 	ldh	a, (_LCDC_REG + 0)
    00000053 F6 80            [ 8]  117 	or	a, #0x80
    00000055 E0r00            [12]  118 	ldh	(_LCDC_REG + 0), a
                                    119 ;main.c:25: while (1){
    00000057                        120 00102$:
                                    121 ;/Users/rajath/gbdk/include/gb/gb.h:1463: SCX_REG+=x, SCY_REG+=y;
    00000057 F0r00            [12]  122 	ldh	a, (_SCX_REG + 0)
    00000059 3C               [ 4]  123 	inc	a
    0000005A E0r00            [12]  124 	ldh	(_SCX_REG + 0), a
                                    125 ;main.c:27: wait_vbl_done();
    0000005C CDr00r00         [24]  126 	call	_wait_vbl_done
                                    127 ;main.c:30: }
    0000005F 18 F6            [12]  128 	jr	00102$
                                    129 	.area _CODE
                                    130 	.area _INITIALIZER
    00000000                        131 __xinit__backgroundtiles:
    00000000 00                     132 	.db #0x00	; 0
    00000001 00                     133 	.db #0x00	; 0
    00000002 00                     134 	.db #0x00	; 0
    00000003 00                     135 	.db #0x00	; 0
    00000004 00                     136 	.db #0x00	; 0
    00000005 00                     137 	.db #0x00	; 0
    00000006 00                     138 	.db #0x00	; 0
    00000007 00                     139 	.db #0x00	; 0
    00000008 00                     140 	.db #0x00	; 0
    00000009 00                     141 	.db #0x00	; 0
    0000000A 00                     142 	.db #0x00	; 0
    0000000B 00                     143 	.db #0x00	; 0
    0000000C 00                     144 	.db #0x00	; 0
    0000000D 00                     145 	.db #0x00	; 0
    0000000E 00                     146 	.db #0x00	; 0
    0000000F 00                     147 	.db #0x00	; 0
    00000010 FF                     148 	.db #0xff	; 255
    00000011 FF                     149 	.db #0xff	; 255
    00000012 01                     150 	.db #0x01	; 1
    00000013 01                     151 	.db #0x01	; 1
    00000014 01                     152 	.db #0x01	; 1
    00000015 01                     153 	.db #0x01	; 1
    00000016 01                     154 	.db #0x01	; 1
    00000017 01                     155 	.db #0x01	; 1
    00000018 FF                     156 	.db #0xff	; 255
    00000019 FF                     157 	.db #0xff	; 255
    0000001A 10                     158 	.db #0x10	; 16
    0000001B 10                     159 	.db #0x10	; 16
    0000001C 10                     160 	.db #0x10	; 16
    0000001D 10                     161 	.db #0x10	; 16
    0000001E 10                     162 	.db #0x10	; 16
    0000001F 10                     163 	.db #0x10	; 16
    00000020 FF                     164 	.db #0xff	; 255
    00000021 FF                     165 	.db #0xff	; 255
    00000022 01                     166 	.db #0x01	; 1
    00000023 01                     167 	.db #0x01	; 1
    00000024 01                     168 	.db #0x01	; 1
    00000025 01                     169 	.db #0x01	; 1
    00000026 01                     170 	.db #0x01	; 1
    00000027 01                     171 	.db #0x01	; 1
    00000028 FF                     172 	.db #0xff	; 255
    00000029 FF                     173 	.db #0xff	; 255
    0000002A 11                     174 	.db #0x11	; 17
    0000002B 11                     175 	.db #0x11	; 17
    0000002C 11                     176 	.db #0x11	; 17
    0000002D 11                     177 	.db #0x11	; 17
    0000002E 11                     178 	.db #0x11	; 17
    0000002F 11                     179 	.db #0x11	; 17
    00000030 FF                     180 	.db #0xff	; 255
    00000031 FF                     181 	.db #0xff	; 255
    00000032 80                     182 	.db #0x80	; 128
    00000033 80                     183 	.db #0x80	; 128
    00000034 80                     184 	.db #0x80	; 128
    00000035 80                     185 	.db #0x80	; 128
    00000036 80                     186 	.db #0x80	; 128
    00000037 80                     187 	.db #0x80	; 128
    00000038 FF                     188 	.db #0xff	; 255
    00000039 FF                     189 	.db #0xff	; 255
    0000003A 88                     190 	.db #0x88	; 136
    0000003B 88                     191 	.db #0x88	; 136
    0000003C 88                     192 	.db #0x88	; 136
    0000003D 88                     193 	.db #0x88	; 136
    0000003E 88                     194 	.db #0x88	; 136
    0000003F 88                     195 	.db #0x88	; 136
    00000040 55                     196 	.db #0x55	; 85	'U'
    00000041 00                     197 	.db #0x00	; 0
    00000042 AA                     198 	.db #0xaa	; 170
    00000043 00                     199 	.db #0x00	; 0
    00000044 55                     200 	.db #0x55	; 85	'U'
    00000045 00                     201 	.db #0x00	; 0
    00000046 AA                     202 	.db #0xaa	; 170
    00000047 00                     203 	.db #0x00	; 0
    00000048 55                     204 	.db #0x55	; 85	'U'
    00000049 00                     205 	.db #0x00	; 0
    0000004A AA                     206 	.db #0xaa	; 170
    0000004B 00                     207 	.db #0x00	; 0
    0000004C 55                     208 	.db #0x55	; 85	'U'
    0000004D 00                     209 	.db #0x00	; 0
    0000004E AA                     210 	.db #0xaa	; 170
    0000004F 00                     211 	.db #0x00	; 0
    00000050 00                     212 	.db #0x00	; 0
    00000051 00                     213 	.db #0x00	; 0
    00000052 00                     214 	.db #0x00	; 0
    00000053 00                     215 	.db #0x00	; 0
    00000054 00                     216 	.db #0x00	; 0
    00000055 00                     217 	.db #0x00	; 0
    00000056 00                     218 	.db #0x00	; 0
    00000057 00                     219 	.db #0x00	; 0
    00000058 FF                     220 	.db #0xff	; 255
    00000059 FF                     221 	.db #0xff	; 255
    0000005A FF                     222 	.db #0xff	; 255
    0000005B AA                     223 	.db #0xaa	; 170
    0000005C FF                     224 	.db #0xff	; 255
    0000005D 00                     225 	.db #0x00	; 0
    0000005E 55                     226 	.db #0x55	; 85	'U'
    0000005F 00                     227 	.db #0x00	; 0
    00000060 00                     228 	.db #0x00	; 0
    00000061 00                     229 	.db #0x00	; 0
    00000062 00                     230 	.db #0x00	; 0
    00000063 00                     231 	.db #0x00	; 0
    00000064 00                     232 	.db #0x00	; 0
    00000065 00                     233 	.db #0x00	; 0
    00000066 00                     234 	.db #0x00	; 0
    00000067 00                     235 	.db #0x00	; 0
    00000068 00                     236 	.db #0x00	; 0
    00000069 00                     237 	.db #0x00	; 0
    0000006A FF                     238 	.db #0xff	; 255
    0000006B FF                     239 	.db #0xff	; 255
    0000006C 00                     240 	.db #0x00	; 0
    0000006D FF                     241 	.db #0xff	; 255
    0000006E FF                     242 	.db #0xff	; 255
    0000006F 00                     243 	.db #0x00	; 0
    00000070 00                     244 	.db #0x00	; 0
    00000071 00                     245 	.db #0x00	; 0
    00000072 00                     246 	.db #0x00	; 0
    00000073 00                     247 	.db #0x00	; 0
    00000074 00                     248 	.db #0x00	; 0
    00000075 00                     249 	.db #0x00	; 0
    00000076 00                     250 	.db #0x00	; 0
    00000077 00                     251 	.db #0x00	; 0
    00000078 00                     252 	.db #0x00	; 0
    00000079 00                     253 	.db #0x00	; 0
    0000007A FF                     254 	.db #0xff	; 255
    0000007B 00                     255 	.db #0x00	; 0
    0000007C FF                     256 	.db #0xff	; 255
    0000007D 00                     257 	.db #0x00	; 0
    0000007E FF                     258 	.db #0xff	; 255
    0000007F 00                     259 	.db #0x00	; 0
    00000080                        260 __xinit__backgroundmap:
    00000080 00                     261 	.db #0x00	; 0
    00000081 00                     262 	.db #0x00	; 0
    00000082 00                     263 	.db #0x00	; 0
    00000083 00                     264 	.db #0x00	; 0
    00000084 00                     265 	.db #0x00	; 0
    00000085 00                     266 	.db #0x00	; 0
    00000086 00                     267 	.db #0x00	; 0
    00000087 00                     268 	.db #0x00	; 0
    00000088 00                     269 	.db #0x00	; 0
    00000089 00                     270 	.db #0x00	; 0
    0000008A 00                     271 	.db #0x00	; 0
    0000008B 00                     272 	.db #0x00	; 0
    0000008C 00                     273 	.db #0x00	; 0
    0000008D 00                     274 	.db #0x00	; 0
    0000008E 00                     275 	.db #0x00	; 0
    0000008F 00                     276 	.db #0x00	; 0
    00000090 00                     277 	.db #0x00	; 0
    00000091 00                     278 	.db #0x00	; 0
    00000092 00                     279 	.db #0x00	; 0
    00000093 00                     280 	.db #0x00	; 0
    00000094 00                     281 	.db #0x00	; 0
    00000095 00                     282 	.db #0x00	; 0
    00000096 00                     283 	.db #0x00	; 0
    00000097 00                     284 	.db #0x00	; 0
    00000098 00                     285 	.db #0x00	; 0
    00000099 00                     286 	.db #0x00	; 0
    0000009A 00                     287 	.db #0x00	; 0
    0000009B 00                     288 	.db #0x00	; 0
    0000009C 00                     289 	.db #0x00	; 0
    0000009D 00                     290 	.db #0x00	; 0
    0000009E 00                     291 	.db #0x00	; 0
    0000009F 00                     292 	.db #0x00	; 0
    000000A0 00                     293 	.db #0x00	; 0
    000000A1 00                     294 	.db #0x00	; 0
    000000A2 00                     295 	.db #0x00	; 0
    000000A3 00                     296 	.db #0x00	; 0
    000000A4 00                     297 	.db #0x00	; 0
    000000A5 00                     298 	.db #0x00	; 0
    000000A6 00                     299 	.db #0x00	; 0
    000000A7 00                     300 	.db #0x00	; 0
    000000A8 00                     301 	.db #0x00	; 0
    000000A9 00                     302 	.db #0x00	; 0
    000000AA 00                     303 	.db #0x00	; 0
    000000AB 00                     304 	.db #0x00	; 0
    000000AC 00                     305 	.db #0x00	; 0
    000000AD 00                     306 	.db #0x00	; 0
    000000AE 00                     307 	.db #0x00	; 0
    000000AF 00                     308 	.db #0x00	; 0
    000000B0 00                     309 	.db #0x00	; 0
    000000B1 00                     310 	.db #0x00	; 0
    000000B2 00                     311 	.db #0x00	; 0
    000000B3 00                     312 	.db #0x00	; 0
    000000B4 00                     313 	.db #0x00	; 0
    000000B5 00                     314 	.db #0x00	; 0
    000000B6 00                     315 	.db #0x00	; 0
    000000B7 00                     316 	.db #0x00	; 0
    000000B8 00                     317 	.db #0x00	; 0
    000000B9 00                     318 	.db #0x00	; 0
    000000BA 00                     319 	.db #0x00	; 0
    000000BB 00                     320 	.db #0x00	; 0
    000000BC 00                     321 	.db #0x00	; 0
    000000BD 00                     322 	.db #0x00	; 0
    000000BE 00                     323 	.db #0x00	; 0
    000000BF 00                     324 	.db #0x00	; 0
    000000C0 00                     325 	.db #0x00	; 0
    000000C1 00                     326 	.db #0x00	; 0
    000000C2 00                     327 	.db #0x00	; 0
    000000C3 00                     328 	.db #0x00	; 0
    000000C4 00                     329 	.db #0x00	; 0
    000000C5 00                     330 	.db #0x00	; 0
    000000C6 00                     331 	.db #0x00	; 0
    000000C7 00                     332 	.db #0x00	; 0
    000000C8 00                     333 	.db #0x00	; 0
    000000C9 00                     334 	.db #0x00	; 0
    000000CA 00                     335 	.db #0x00	; 0
    000000CB 00                     336 	.db #0x00	; 0
    000000CC 00                     337 	.db #0x00	; 0
    000000CD 00                     338 	.db #0x00	; 0
    000000CE 00                     339 	.db #0x00	; 0
    000000CF 00                     340 	.db #0x00	; 0
    000000D0 00                     341 	.db #0x00	; 0
    000000D1 00                     342 	.db #0x00	; 0
    000000D2 00                     343 	.db #0x00	; 0
    000000D3 00                     344 	.db #0x00	; 0
    000000D4 00                     345 	.db #0x00	; 0
    000000D5 00                     346 	.db #0x00	; 0
    000000D6 00                     347 	.db #0x00	; 0
    000000D7 00                     348 	.db #0x00	; 0
    000000D8 00                     349 	.db #0x00	; 0
    000000D9 00                     350 	.db #0x00	; 0
    000000DA 00                     351 	.db #0x00	; 0
    000000DB 00                     352 	.db #0x00	; 0
    000000DC 00                     353 	.db #0x00	; 0
    000000DD 00                     354 	.db #0x00	; 0
    000000DE 00                     355 	.db #0x00	; 0
    000000DF 00                     356 	.db #0x00	; 0
    000000E0 00                     357 	.db #0x00	; 0
    000000E1 00                     358 	.db #0x00	; 0
    000000E2 00                     359 	.db #0x00	; 0
    000000E3 00                     360 	.db #0x00	; 0
    000000E4 00                     361 	.db #0x00	; 0
    000000E5 00                     362 	.db #0x00	; 0
    000000E6 00                     363 	.db #0x00	; 0
    000000E7 00                     364 	.db #0x00	; 0
    000000E8 00                     365 	.db #0x00	; 0
    000000E9 00                     366 	.db #0x00	; 0
    000000EA 00                     367 	.db #0x00	; 0
    000000EB 00                     368 	.db #0x00	; 0
    000000EC 00                     369 	.db #0x00	; 0
    000000ED 00                     370 	.db #0x00	; 0
    000000EE 00                     371 	.db #0x00	; 0
    000000EF 00                     372 	.db #0x00	; 0
    000000F0 00                     373 	.db #0x00	; 0
    000000F1 00                     374 	.db #0x00	; 0
    000000F2 00                     375 	.db #0x00	; 0
    000000F3 00                     376 	.db #0x00	; 0
    000000F4 00                     377 	.db #0x00	; 0
    000000F5 00                     378 	.db #0x00	; 0
    000000F6 00                     379 	.db #0x00	; 0
    000000F7 00                     380 	.db #0x00	; 0
    000000F8 00                     381 	.db #0x00	; 0
    000000F9 00                     382 	.db #0x00	; 0
    000000FA 00                     383 	.db #0x00	; 0
    000000FB 00                     384 	.db #0x00	; 0
    000000FC 00                     385 	.db #0x00	; 0
    000000FD 00                     386 	.db #0x00	; 0
    000000FE 00                     387 	.db #0x00	; 0
    000000FF 00                     388 	.db #0x00	; 0
    00000100 00                     389 	.db #0x00	; 0
    00000101 00                     390 	.db #0x00	; 0
    00000102 00                     391 	.db #0x00	; 0
    00000103 00                     392 	.db #0x00	; 0
    00000104 00                     393 	.db #0x00	; 0
    00000105 00                     394 	.db #0x00	; 0
    00000106 00                     395 	.db #0x00	; 0
    00000107 00                     396 	.db #0x00	; 0
    00000108 00                     397 	.db #0x00	; 0
    00000109 00                     398 	.db #0x00	; 0
    0000010A 00                     399 	.db #0x00	; 0
    0000010B 00                     400 	.db #0x00	; 0
    0000010C 00                     401 	.db #0x00	; 0
    0000010D 00                     402 	.db #0x00	; 0
    0000010E 00                     403 	.db #0x00	; 0
    0000010F 00                     404 	.db #0x00	; 0
    00000110 00                     405 	.db #0x00	; 0
    00000111 00                     406 	.db #0x00	; 0
    00000112 00                     407 	.db #0x00	; 0
    00000113 00                     408 	.db #0x00	; 0
    00000114 00                     409 	.db #0x00	; 0
    00000115 00                     410 	.db #0x00	; 0
    00000116 00                     411 	.db #0x00	; 0
    00000117 00                     412 	.db #0x00	; 0
    00000118 00                     413 	.db #0x00	; 0
    00000119 00                     414 	.db #0x00	; 0
    0000011A 00                     415 	.db #0x00	; 0
    0000011B 00                     416 	.db #0x00	; 0
    0000011C 00                     417 	.db #0x00	; 0
    0000011D 00                     418 	.db #0x00	; 0
    0000011E 00                     419 	.db #0x00	; 0
    0000011F 00                     420 	.db #0x00	; 0
    00000120 00                     421 	.db #0x00	; 0
    00000121 00                     422 	.db #0x00	; 0
    00000122 00                     423 	.db #0x00	; 0
    00000123 00                     424 	.db #0x00	; 0
    00000124 00                     425 	.db #0x00	; 0
    00000125 00                     426 	.db #0x00	; 0
    00000126 00                     427 	.db #0x00	; 0
    00000127 00                     428 	.db #0x00	; 0
    00000128 00                     429 	.db #0x00	; 0
    00000129 00                     430 	.db #0x00	; 0
    0000012A 00                     431 	.db #0x00	; 0
    0000012B 00                     432 	.db #0x00	; 0
    0000012C 00                     433 	.db #0x00	; 0
    0000012D 00                     434 	.db #0x00	; 0
    0000012E 00                     435 	.db #0x00	; 0
    0000012F 00                     436 	.db #0x00	; 0
    00000130 00                     437 	.db #0x00	; 0
    00000131 00                     438 	.db #0x00	; 0
    00000132 00                     439 	.db #0x00	; 0
    00000133 00                     440 	.db #0x00	; 0
    00000134 00                     441 	.db #0x00	; 0
    00000135 00                     442 	.db #0x00	; 0
    00000136 00                     443 	.db #0x00	; 0
    00000137 00                     444 	.db #0x00	; 0
    00000138 00                     445 	.db #0x00	; 0
    00000139 00                     446 	.db #0x00	; 0
    0000013A 00                     447 	.db #0x00	; 0
    0000013B 00                     448 	.db #0x00	; 0
    0000013C 00                     449 	.db #0x00	; 0
    0000013D 00                     450 	.db #0x00	; 0
    0000013E 00                     451 	.db #0x00	; 0
    0000013F 00                     452 	.db #0x00	; 0
    00000140 00                     453 	.db #0x00	; 0
    00000141 00                     454 	.db #0x00	; 0
    00000142 00                     455 	.db #0x00	; 0
    00000143 00                     456 	.db #0x00	; 0
    00000144 00                     457 	.db #0x00	; 0
    00000145 00                     458 	.db #0x00	; 0
    00000146 00                     459 	.db #0x00	; 0
    00000147 00                     460 	.db #0x00	; 0
    00000148 00                     461 	.db #0x00	; 0
    00000149 00                     462 	.db #0x00	; 0
    0000014A 00                     463 	.db #0x00	; 0
    0000014B 00                     464 	.db #0x00	; 0
    0000014C 00                     465 	.db #0x00	; 0
    0000014D 00                     466 	.db #0x00	; 0
    0000014E 00                     467 	.db #0x00	; 0
    0000014F 00                     468 	.db #0x00	; 0
    00000150 00                     469 	.db #0x00	; 0
    00000151 00                     470 	.db #0x00	; 0
    00000152 00                     471 	.db #0x00	; 0
    00000153 00                     472 	.db #0x00	; 0
    00000154 00                     473 	.db #0x00	; 0
    00000155 00                     474 	.db #0x00	; 0
    00000156 00                     475 	.db #0x00	; 0
    00000157 00                     476 	.db #0x00	; 0
    00000158 00                     477 	.db #0x00	; 0
    00000159 00                     478 	.db #0x00	; 0
    0000015A 00                     479 	.db #0x00	; 0
    0000015B 00                     480 	.db #0x00	; 0
    0000015C 00                     481 	.db #0x00	; 0
    0000015D 00                     482 	.db #0x00	; 0
    0000015E 00                     483 	.db #0x00	; 0
    0000015F 00                     484 	.db #0x00	; 0
    00000160 00                     485 	.db #0x00	; 0
    00000161 00                     486 	.db #0x00	; 0
    00000162 00                     487 	.db #0x00	; 0
    00000163 00                     488 	.db #0x00	; 0
    00000164 00                     489 	.db #0x00	; 0
    00000165 00                     490 	.db #0x00	; 0
    00000166 00                     491 	.db #0x00	; 0
    00000167 00                     492 	.db #0x00	; 0
    00000168 00                     493 	.db #0x00	; 0
    00000169 00                     494 	.db #0x00	; 0
    0000016A 00                     495 	.db #0x00	; 0
    0000016B 00                     496 	.db #0x00	; 0
    0000016C 00                     497 	.db #0x00	; 0
    0000016D 00                     498 	.db #0x00	; 0
    0000016E 00                     499 	.db #0x00	; 0
    0000016F 00                     500 	.db #0x00	; 0
    00000170 00                     501 	.db #0x00	; 0
    00000171 00                     502 	.db #0x00	; 0
    00000172 00                     503 	.db #0x00	; 0
    00000173 00                     504 	.db #0x00	; 0
    00000174 00                     505 	.db #0x00	; 0
    00000175 00                     506 	.db #0x00	; 0
    00000176 00                     507 	.db #0x00	; 0
    00000177 00                     508 	.db #0x00	; 0
    00000178 00                     509 	.db #0x00	; 0
    00000179 00                     510 	.db #0x00	; 0
    0000017A 00                     511 	.db #0x00	; 0
    0000017B 00                     512 	.db #0x00	; 0
    0000017C 00                     513 	.db #0x00	; 0
    0000017D 00                     514 	.db #0x00	; 0
    0000017E 00                     515 	.db #0x00	; 0
    0000017F 00                     516 	.db #0x00	; 0
    00000180 00                     517 	.db #0x00	; 0
    00000181 00                     518 	.db #0x00	; 0
    00000182 00                     519 	.db #0x00	; 0
    00000183 00                     520 	.db #0x00	; 0
    00000184 00                     521 	.db #0x00	; 0
    00000185 00                     522 	.db #0x00	; 0
    00000186 00                     523 	.db #0x00	; 0
    00000187 00                     524 	.db #0x00	; 0
    00000188 00                     525 	.db #0x00	; 0
    00000189 00                     526 	.db #0x00	; 0
    0000018A 00                     527 	.db #0x00	; 0
    0000018B 00                     528 	.db #0x00	; 0
    0000018C 00                     529 	.db #0x00	; 0
    0000018D 00                     530 	.db #0x00	; 0
    0000018E 00                     531 	.db #0x00	; 0
    0000018F 00                     532 	.db #0x00	; 0
    00000190 00                     533 	.db #0x00	; 0
    00000191 00                     534 	.db #0x00	; 0
    00000192 00                     535 	.db #0x00	; 0
    00000193 00                     536 	.db #0x00	; 0
    00000194 00                     537 	.db #0x00	; 0
    00000195 00                     538 	.db #0x00	; 0
    00000196 00                     539 	.db #0x00	; 0
    00000197 00                     540 	.db #0x00	; 0
    00000198 00                     541 	.db #0x00	; 0
    00000199 00                     542 	.db #0x00	; 0
    0000019A 00                     543 	.db #0x00	; 0
    0000019B 00                     544 	.db #0x00	; 0
    0000019C 00                     545 	.db #0x00	; 0
    0000019D 00                     546 	.db #0x00	; 0
    0000019E 00                     547 	.db #0x00	; 0
    0000019F 00                     548 	.db #0x00	; 0
    000001A0 00                     549 	.db #0x00	; 0
    000001A1 00                     550 	.db #0x00	; 0
    000001A2 28                     551 	.db #0x28	; 40
    000001A3 26                     552 	.db #0x26	; 38
    000001A4 26                     553 	.db #0x26	; 38
    000001A5 26                     554 	.db #0x26	; 38
    000001A6 26                     555 	.db #0x26	; 38
    000001A7 26                     556 	.db #0x26	; 38
    000001A8 26                     557 	.db #0x26	; 38
    000001A9 26                     558 	.db #0x26	; 38
    000001AA 26                     559 	.db #0x26	; 38
    000001AB 26                     560 	.db #0x26	; 38
    000001AC 26                     561 	.db #0x26	; 38
    000001AD 27                     562 	.db #0x27	; 39
    000001AE 00                     563 	.db #0x00	; 0
    000001AF 00                     564 	.db #0x00	; 0
    000001B0 00                     565 	.db #0x00	; 0
    000001B1 00                     566 	.db #0x00	; 0
    000001B2 00                     567 	.db #0x00	; 0
    000001B3 00                     568 	.db #0x00	; 0
    000001B4 00                     569 	.db #0x00	; 0
    000001B5 00                     570 	.db #0x00	; 0
    000001B6 00                     571 	.db #0x00	; 0
    000001B7 00                     572 	.db #0x00	; 0
    000001B8 00                     573 	.db #0x00	; 0
    000001B9 00                     574 	.db #0x00	; 0
    000001BA 00                     575 	.db #0x00	; 0
    000001BB 00                     576 	.db #0x00	; 0
    000001BC 00                     577 	.db #0x00	; 0
    000001BD 00                     578 	.db #0x00	; 0
    000001BE 00                     579 	.db #0x00	; 0
    000001BF 00                     580 	.db #0x00	; 0
    000001C0 00                     581 	.db #0x00	; 0
    000001C1 00                     582 	.db #0x00	; 0
    000001C2 00                     583 	.db #0x00	; 0
    000001C3 00                     584 	.db #0x00	; 0
    000001C4 00                     585 	.db #0x00	; 0
    000001C5 00                     586 	.db #0x00	; 0
    000001C6 00                     587 	.db #0x00	; 0
    000001C7 00                     588 	.db #0x00	; 0
    000001C8 00                     589 	.db #0x00	; 0
    000001C9 00                     590 	.db #0x00	; 0
    000001CA 28                     591 	.db #0x28	; 40
    000001CB 26                     592 	.db #0x26	; 38
    000001CC 26                     593 	.db #0x26	; 38
    000001CD 26                     594 	.db #0x26	; 38
    000001CE 26                     595 	.db #0x26	; 38
    000001CF 26                     596 	.db #0x26	; 38
    000001D0 26                     597 	.db #0x26	; 38
    000001D1 26                     598 	.db #0x26	; 38
    000001D2 26                     599 	.db #0x26	; 38
    000001D3 26                     600 	.db #0x26	; 38
    000001D4 26                     601 	.db #0x26	; 38
    000001D5 27                     602 	.db #0x27	; 39
    000001D6 00                     603 	.db #0x00	; 0
    000001D7 00                     604 	.db #0x00	; 0
    000001D8 00                     605 	.db #0x00	; 0
    000001D9 00                     606 	.db #0x00	; 0
    000001DA 00                     607 	.db #0x00	; 0
    000001DB 00                     608 	.db #0x00	; 0
    000001DC 00                     609 	.db #0x00	; 0
    000001DD 00                     610 	.db #0x00	; 0
    000001DE 00                     611 	.db #0x00	; 0
    000001DF 00                     612 	.db #0x00	; 0
    000001E0 00                     613 	.db #0x00	; 0
    000001E1 00                     614 	.db #0x00	; 0
    000001E2 00                     615 	.db #0x00	; 0
    000001E3 00                     616 	.db #0x00	; 0
    000001E4 00                     617 	.db #0x00	; 0
    000001E5 00                     618 	.db #0x00	; 0
    000001E6 00                     619 	.db #0x00	; 0
    000001E7 00                     620 	.db #0x00	; 0
    000001E8 00                     621 	.db #0x00	; 0
    000001E9 00                     622 	.db #0x00	; 0
    000001EA 00                     623 	.db #0x00	; 0
    000001EB 00                     624 	.db #0x00	; 0
    000001EC 00                     625 	.db #0x00	; 0
    000001ED 00                     626 	.db #0x00	; 0
    000001EE 00                     627 	.db #0x00	; 0
    000001EF 00                     628 	.db #0x00	; 0
    000001F0 00                     629 	.db #0x00	; 0
    000001F1 00                     630 	.db #0x00	; 0
    000001F2 28                     631 	.db #0x28	; 40
    000001F3 26                     632 	.db #0x26	; 38
    000001F4 26                     633 	.db #0x26	; 38
    000001F5 26                     634 	.db #0x26	; 38
    000001F6 26                     635 	.db #0x26	; 38
    000001F7 26                     636 	.db #0x26	; 38
    000001F8 26                     637 	.db #0x26	; 38
    000001F9 26                     638 	.db #0x26	; 38
    000001FA 26                     639 	.db #0x26	; 38
    000001FB 26                     640 	.db #0x26	; 38
    000001FC 26                     641 	.db #0x26	; 38
    000001FD 27                     642 	.db #0x27	; 39
    000001FE 00                     643 	.db #0x00	; 0
    000001FF 00                     644 	.db #0x00	; 0
    00000200 00                     645 	.db #0x00	; 0
    00000201 00                     646 	.db #0x00	; 0
    00000202 00                     647 	.db #0x00	; 0
    00000203 00                     648 	.db #0x00	; 0
    00000204 00                     649 	.db #0x00	; 0
    00000205 00                     650 	.db #0x00	; 0
    00000206 00                     651 	.db #0x00	; 0
    00000207 00                     652 	.db #0x00	; 0
    00000208 00                     653 	.db #0x00	; 0
    00000209 00                     654 	.db #0x00	; 0
    0000020A 00                     655 	.db #0x00	; 0
    0000020B 00                     656 	.db #0x00	; 0
    0000020C 00                     657 	.db #0x00	; 0
    0000020D 00                     658 	.db #0x00	; 0
    0000020E 00                     659 	.db #0x00	; 0
    0000020F 00                     660 	.db #0x00	; 0
    00000210 00                     661 	.db #0x00	; 0
    00000211 00                     662 	.db #0x00	; 0
    00000212 00                     663 	.db #0x00	; 0
    00000213 00                     664 	.db #0x00	; 0
    00000214 00                     665 	.db #0x00	; 0
    00000215 00                     666 	.db #0x00	; 0
    00000216 00                     667 	.db #0x00	; 0
    00000217 00                     668 	.db #0x00	; 0
    00000218 00                     669 	.db #0x00	; 0
    00000219 00                     670 	.db #0x00	; 0
    0000021A 28                     671 	.db #0x28	; 40
    0000021B 26                     672 	.db #0x26	; 38
    0000021C 26                     673 	.db #0x26	; 38
    0000021D 26                     674 	.db #0x26	; 38
    0000021E 26                     675 	.db #0x26	; 38
    0000021F 26                     676 	.db #0x26	; 38
    00000220 26                     677 	.db #0x26	; 38
    00000221 26                     678 	.db #0x26	; 38
    00000222 26                     679 	.db #0x26	; 38
    00000223 26                     680 	.db #0x26	; 38
    00000224 26                     681 	.db #0x26	; 38
    00000225 27                     682 	.db #0x27	; 39
    00000226 00                     683 	.db #0x00	; 0
    00000227 00                     684 	.db #0x00	; 0
    00000228 00                     685 	.db #0x00	; 0
    00000229 00                     686 	.db #0x00	; 0
    0000022A 00                     687 	.db #0x00	; 0
    0000022B 00                     688 	.db #0x00	; 0
    0000022C 00                     689 	.db #0x00	; 0
    0000022D 00                     690 	.db #0x00	; 0
    0000022E 00                     691 	.db #0x00	; 0
    0000022F 00                     692 	.db #0x00	; 0
    00000230 00                     693 	.db #0x00	; 0
    00000231 00                     694 	.db #0x00	; 0
    00000232 00                     695 	.db #0x00	; 0
    00000233 00                     696 	.db #0x00	; 0
    00000234 00                     697 	.db #0x00	; 0
    00000235 00                     698 	.db #0x00	; 0
    00000236 00                     699 	.db #0x00	; 0
    00000237 00                     700 	.db #0x00	; 0
    00000238 2B                     701 	.db #0x2b	; 43
    00000239 2B                     702 	.db #0x2b	; 43
    0000023A 2B                     703 	.db #0x2b	; 43
    0000023B 2B                     704 	.db #0x2b	; 43
    0000023C 2B                     705 	.db #0x2b	; 43
    0000023D 2B                     706 	.db #0x2b	; 43
    0000023E 2B                     707 	.db #0x2b	; 43
    0000023F 2B                     708 	.db #0x2b	; 43
    00000240 2B                     709 	.db #0x2b	; 43
    00000241 2B                     710 	.db #0x2b	; 43
    00000242 28                     711 	.db #0x28	; 40
    00000243 26                     712 	.db #0x26	; 38
    00000244 26                     713 	.db #0x26	; 38
    00000245 26                     714 	.db #0x26	; 38
    00000246 26                     715 	.db #0x26	; 38
    00000247 26                     716 	.db #0x26	; 38
    00000248 26                     717 	.db #0x26	; 38
    00000249 26                     718 	.db #0x26	; 38
    0000024A 26                     719 	.db #0x26	; 38
    0000024B 26                     720 	.db #0x26	; 38
    0000024C 26                     721 	.db #0x26	; 38
    0000024D 27                     722 	.db #0x27	; 39
    0000024E 2B                     723 	.db #0x2b	; 43
    0000024F 2B                     724 	.db #0x2b	; 43
    00000250 2B                     725 	.db #0x2b	; 43
    00000251 2B                     726 	.db #0x2b	; 43
    00000252 2B                     727 	.db #0x2b	; 43
    00000253 2B                     728 	.db #0x2b	; 43
    00000254 2B                     729 	.db #0x2b	; 43
    00000255 2B                     730 	.db #0x2b	; 43
    00000256 2B                     731 	.db #0x2b	; 43
    00000257 2B                     732 	.db #0x2b	; 43
    00000258 2B                     733 	.db #0x2b	; 43
    00000259 2B                     734 	.db #0x2b	; 43
    0000025A 2B                     735 	.db #0x2b	; 43
    0000025B 2B                     736 	.db #0x2b	; 43
    0000025C 2B                     737 	.db #0x2b	; 43
    0000025D 2B                     738 	.db #0x2b	; 43
    0000025E 2B                     739 	.db #0x2b	; 43
    0000025F 2B                     740 	.db #0x2b	; 43
    00000260 29                     741 	.db #0x29	; 41
    00000261 29                     742 	.db #0x29	; 41
    00000262 29                     743 	.db #0x29	; 41
    00000263 29                     744 	.db #0x29	; 41
    00000264 29                     745 	.db #0x29	; 41
    00000265 29                     746 	.db #0x29	; 41
    00000266 29                     747 	.db #0x29	; 41
    00000267 29                     748 	.db #0x29	; 41
    00000268 29                     749 	.db #0x29	; 41
    00000269 29                     750 	.db #0x29	; 41
    0000026A 29                     751 	.db #0x29	; 41
    0000026B 29                     752 	.db #0x29	; 41
    0000026C 29                     753 	.db #0x29	; 41
    0000026D 29                     754 	.db #0x29	; 41
    0000026E 29                     755 	.db #0x29	; 41
    0000026F 29                     756 	.db #0x29	; 41
    00000270 29                     757 	.db #0x29	; 41
    00000271 29                     758 	.db #0x29	; 41
    00000272 29                     759 	.db #0x29	; 41
    00000273 29                     760 	.db #0x29	; 41
    00000274 29                     761 	.db #0x29	; 41
    00000275 29                     762 	.db #0x29	; 41
    00000276 29                     763 	.db #0x29	; 41
    00000277 29                     764 	.db #0x29	; 41
    00000278 29                     765 	.db #0x29	; 41
    00000279 29                     766 	.db #0x29	; 41
    0000027A 29                     767 	.db #0x29	; 41
    0000027B 29                     768 	.db #0x29	; 41
    0000027C 29                     769 	.db #0x29	; 41
    0000027D 29                     770 	.db #0x29	; 41
    0000027E 29                     771 	.db #0x29	; 41
    0000027F 29                     772 	.db #0x29	; 41
    00000280 29                     773 	.db #0x29	; 41
    00000281 29                     774 	.db #0x29	; 41
    00000282 29                     775 	.db #0x29	; 41
    00000283 29                     776 	.db #0x29	; 41
    00000284 29                     777 	.db #0x29	; 41
    00000285 29                     778 	.db #0x29	; 41
    00000286 29                     779 	.db #0x29	; 41
    00000287 29                     780 	.db #0x29	; 41
    00000288 29                     781 	.db #0x29	; 41
    00000289 29                     782 	.db #0x29	; 41
    0000028A 29                     783 	.db #0x29	; 41
    0000028B 29                     784 	.db #0x29	; 41
    0000028C 29                     785 	.db #0x29	; 41
    0000028D 29                     786 	.db #0x29	; 41
    0000028E 29                     787 	.db #0x29	; 41
    0000028F 29                     788 	.db #0x29	; 41
    00000290 29                     789 	.db #0x29	; 41
    00000291 29                     790 	.db #0x29	; 41
    00000292 29                     791 	.db #0x29	; 41
    00000293 29                     792 	.db #0x29	; 41
    00000294 29                     793 	.db #0x29	; 41
    00000295 29                     794 	.db #0x29	; 41
    00000296 29                     795 	.db #0x29	; 41
    00000297 29                     796 	.db #0x29	; 41
    00000298 29                     797 	.db #0x29	; 41
    00000299 29                     798 	.db #0x29	; 41
    0000029A 29                     799 	.db #0x29	; 41
    0000029B 29                     800 	.db #0x29	; 41
    0000029C 29                     801 	.db #0x29	; 41
    0000029D 29                     802 	.db #0x29	; 41
    0000029E 29                     803 	.db #0x29	; 41
    0000029F 29                     804 	.db #0x29	; 41
    000002A0 29                     805 	.db #0x29	; 41
    000002A1 29                     806 	.db #0x29	; 41
    000002A2 29                     807 	.db #0x29	; 41
    000002A3 29                     808 	.db #0x29	; 41
    000002A4 29                     809 	.db #0x29	; 41
    000002A5 29                     810 	.db #0x29	; 41
    000002A6 29                     811 	.db #0x29	; 41
    000002A7 29                     812 	.db #0x29	; 41
    000002A8 29                     813 	.db #0x29	; 41
    000002A9 29                     814 	.db #0x29	; 41
    000002AA 29                     815 	.db #0x29	; 41
    000002AB 29                     816 	.db #0x29	; 41
    000002AC 29                     817 	.db #0x29	; 41
    000002AD 29                     818 	.db #0x29	; 41
    000002AE 29                     819 	.db #0x29	; 41
    000002AF 29                     820 	.db #0x29	; 41
    000002B0 29                     821 	.db #0x29	; 41
    000002B1 29                     822 	.db #0x29	; 41
    000002B2 29                     823 	.db #0x29	; 41
    000002B3 29                     824 	.db #0x29	; 41
    000002B4 29                     825 	.db #0x29	; 41
    000002B5 29                     826 	.db #0x29	; 41
    000002B6 29                     827 	.db #0x29	; 41
    000002B7 29                     828 	.db #0x29	; 41
    000002B8 29                     829 	.db #0x29	; 41
    000002B9 29                     830 	.db #0x29	; 41
    000002BA 29                     831 	.db #0x29	; 41
    000002BB 29                     832 	.db #0x29	; 41
    000002BC 29                     833 	.db #0x29	; 41
    000002BD 29                     834 	.db #0x29	; 41
    000002BE 29                     835 	.db #0x29	; 41
    000002BF 29                     836 	.db #0x29	; 41
    000002C0 29                     837 	.db #0x29	; 41
    000002C1 29                     838 	.db #0x29	; 41
    000002C2 29                     839 	.db #0x29	; 41
    000002C3 29                     840 	.db #0x29	; 41
    000002C4 29                     841 	.db #0x29	; 41
    000002C5 29                     842 	.db #0x29	; 41
    000002C6 29                     843 	.db #0x29	; 41
    000002C7 29                     844 	.db #0x29	; 41
    000002C8 29                     845 	.db #0x29	; 41
    000002C9 29                     846 	.db #0x29	; 41
    000002CA 29                     847 	.db #0x29	; 41
    000002CB 29                     848 	.db #0x29	; 41
    000002CC 29                     849 	.db #0x29	; 41
    000002CD 29                     850 	.db #0x29	; 41
    000002CE 29                     851 	.db #0x29	; 41
    000002CF 29                     852 	.db #0x29	; 41
    000002D0 29                     853 	.db #0x29	; 41
    000002D1 29                     854 	.db #0x29	; 41
    000002D2 29                     855 	.db #0x29	; 41
    000002D3 29                     856 	.db #0x29	; 41
    000002D4 29                     857 	.db #0x29	; 41
    000002D5 29                     858 	.db #0x29	; 41
    000002D6 29                     859 	.db #0x29	; 41
    000002D7 29                     860 	.db #0x29	; 41
    000002D8 29                     861 	.db #0x29	; 41
    000002D9 29                     862 	.db #0x29	; 41
    000002DA 29                     863 	.db #0x29	; 41
    000002DB 29                     864 	.db #0x29	; 41
    000002DC 29                     865 	.db #0x29	; 41
    000002DD 29                     866 	.db #0x29	; 41
    000002DE 29                     867 	.db #0x29	; 41
    000002DF 29                     868 	.db #0x29	; 41
    000002E0 29                     869 	.db #0x29	; 41
    000002E1 29                     870 	.db #0x29	; 41
    000002E2 29                     871 	.db #0x29	; 41
    000002E3 29                     872 	.db #0x29	; 41
    000002E4 29                     873 	.db #0x29	; 41
    000002E5 29                     874 	.db #0x29	; 41
    000002E6 29                     875 	.db #0x29	; 41
    000002E7 29                     876 	.db #0x29	; 41
    000002E8 29                     877 	.db #0x29	; 41
    000002E9 29                     878 	.db #0x29	; 41
    000002EA 29                     879 	.db #0x29	; 41
    000002EB 29                     880 	.db #0x29	; 41
    000002EC 29                     881 	.db #0x29	; 41
    000002ED 29                     882 	.db #0x29	; 41
    000002EE 29                     883 	.db #0x29	; 41
    000002EF 29                     884 	.db #0x29	; 41
    000002F0 29                     885 	.db #0x29	; 41
    000002F1 29                     886 	.db #0x29	; 41
    000002F2 29                     887 	.db #0x29	; 41
    000002F3 29                     888 	.db #0x29	; 41
    000002F4 29                     889 	.db #0x29	; 41
    000002F5 29                     890 	.db #0x29	; 41
    000002F6 29                     891 	.db #0x29	; 41
    000002F7 29                     892 	.db #0x29	; 41
    000002F8 29                     893 	.db #0x29	; 41
    000002F9 29                     894 	.db #0x29	; 41
    000002FA 29                     895 	.db #0x29	; 41
    000002FB 29                     896 	.db #0x29	; 41
    000002FC 29                     897 	.db #0x29	; 41
    000002FD 29                     898 	.db #0x29	; 41
    000002FE 29                     899 	.db #0x29	; 41
    000002FF 29                     900 	.db #0x29	; 41
    00000300 29                     901 	.db #0x29	; 41
    00000301 29                     902 	.db #0x29	; 41
    00000302 29                     903 	.db #0x29	; 41
    00000303 29                     904 	.db #0x29	; 41
    00000304 29                     905 	.db #0x29	; 41
    00000305 29                     906 	.db #0x29	; 41
    00000306 29                     907 	.db #0x29	; 41
    00000307 29                     908 	.db #0x29	; 41
    00000308 29                     909 	.db #0x29	; 41
    00000309 29                     910 	.db #0x29	; 41
    0000030A 29                     911 	.db #0x29	; 41
    0000030B 29                     912 	.db #0x29	; 41
    0000030C 29                     913 	.db #0x29	; 41
    0000030D 29                     914 	.db #0x29	; 41
    0000030E 29                     915 	.db #0x29	; 41
    0000030F 29                     916 	.db #0x29	; 41
    00000310 29                     917 	.db #0x29	; 41
    00000311 29                     918 	.db #0x29	; 41
    00000312 29                     919 	.db #0x29	; 41
    00000313 29                     920 	.db #0x29	; 41
    00000314 29                     921 	.db #0x29	; 41
    00000315 29                     922 	.db #0x29	; 41
    00000316 29                     923 	.db #0x29	; 41
    00000317 29                     924 	.db #0x29	; 41
    00000318 29                     925 	.db #0x29	; 41
    00000319 29                     926 	.db #0x29	; 41
    0000031A 29                     927 	.db #0x29	; 41
    0000031B 29                     928 	.db #0x29	; 41
    0000031C 29                     929 	.db #0x29	; 41
    0000031D 29                     930 	.db #0x29	; 41
    0000031E 29                     931 	.db #0x29	; 41
    0000031F 29                     932 	.db #0x29	; 41
    00000320 29                     933 	.db #0x29	; 41
    00000321 29                     934 	.db #0x29	; 41
    00000322 29                     935 	.db #0x29	; 41
    00000323 29                     936 	.db #0x29	; 41
    00000324 29                     937 	.db #0x29	; 41
    00000325 29                     938 	.db #0x29	; 41
    00000326 29                     939 	.db #0x29	; 41
    00000327 29                     940 	.db #0x29	; 41
    00000328 29                     941 	.db #0x29	; 41
    00000329 29                     942 	.db #0x29	; 41
    0000032A 29                     943 	.db #0x29	; 41
    0000032B 29                     944 	.db #0x29	; 41
    0000032C 29                     945 	.db #0x29	; 41
    0000032D 29                     946 	.db #0x29	; 41
    0000032E 29                     947 	.db #0x29	; 41
    0000032F 29                     948 	.db #0x29	; 41
    00000330 29                     949 	.db #0x29	; 41
    00000331 29                     950 	.db #0x29	; 41
    00000332 29                     951 	.db #0x29	; 41
    00000333 29                     952 	.db #0x29	; 41
    00000334 29                     953 	.db #0x29	; 41
    00000335 29                     954 	.db #0x29	; 41
    00000336 29                     955 	.db #0x29	; 41
    00000337 29                     956 	.db #0x29	; 41
    00000338 29                     957 	.db #0x29	; 41
    00000339 29                     958 	.db #0x29	; 41
    0000033A 29                     959 	.db #0x29	; 41
    0000033B 29                     960 	.db #0x29	; 41
    0000033C 29                     961 	.db #0x29	; 41
    0000033D 29                     962 	.db #0x29	; 41
    0000033E 29                     963 	.db #0x29	; 41
    0000033F 29                     964 	.db #0x29	; 41
    00000340 29                     965 	.db #0x29	; 41
    00000341 29                     966 	.db #0x29	; 41
    00000342 29                     967 	.db #0x29	; 41
    00000343 29                     968 	.db #0x29	; 41
    00000344 29                     969 	.db #0x29	; 41
    00000345 29                     970 	.db #0x29	; 41
    00000346 29                     971 	.db #0x29	; 41
    00000347 29                     972 	.db #0x29	; 41
    00000348 29                     973 	.db #0x29	; 41
    00000349 29                     974 	.db #0x29	; 41
    0000034A 29                     975 	.db #0x29	; 41
    0000034B 29                     976 	.db #0x29	; 41
    0000034C 29                     977 	.db #0x29	; 41
    0000034D 29                     978 	.db #0x29	; 41
    0000034E 29                     979 	.db #0x29	; 41
    0000034F 29                     980 	.db #0x29	; 41
    00000350                        981 __xinit__windowmap:
    00000350 12                     982 	.db #0x12	; 18
    00000351 0F                     983 	.db #0x0f	; 15
    00000352 16                     984 	.db #0x16	; 22
    00000353 16                     985 	.db #0x16	; 22
    00000354 19                     986 	.db #0x19	; 25
                                    987 	.area _CABS (ABS)
